{
"/home/travis/build/stellar/js-stellar-sdk/src/index.js":{"path":"/home/travis/build/stellar/js-stellar-sdk/src/index.js","s":{"1":1,"2":1,"3":2,"4":2,"5":2,"6":1,"7":4,"8":4,"9":61,"10":61,"11":61,"12":59,"13":4,"14":1,"15":1,"16":1,"17":1,"18":1,"19":85,"20":1,"21":1,"22":50,"23":1,"24":1,"25":25,"26":1,"27":1,"28":1,"29":1,"30":6,"31":1,"32":1,"33":1,"34":1,"35":1},"b":{"1":[59,2],"2":[61,61,59]},"f":{"1":2,"2":4,"3":85,"4":50,"5":25,"6":1,"7":6,"8":1},"fnMap":{"1":{"name":"_interopExportWildcard","line":7,"loc":{"start":{"line":0,"column":0},"end":{"line":0,"column":0},"skip":true},"skip":true},"2":{"name":"_defaults","line":9,"loc":{"start":{"line":0,"column":0},"end":{"line":0,"column":0},"skip":true},"skip":true},"3":{"name":"get","line":23,"loc":{"start":{"line":0,"column":0},"end":{"line":0,"column":0},"skip":true},"skip":true},"4":{"name":"get","line":32,"loc":{"start":{"line":0,"column":0},"end":{"line":0,"column":0},"skip":true},"skip":true},"5":{"name":"get","line":41,"loc":{"start":{"line":0,"column":0},"end":{"line":0,"column":0},"skip":true},"skip":true},"6":{"name":"get","line":47,"loc":{"start":{"line":0,"column":0},"end":{"line":0,"column":0},"skip":true},"skip":true},"7":{"name":"get","line":56,"loc":{"start":{"line":0,"column":0},"end":{"line":0,"column":0},"skip":true},"skip":true},"8":{"name":"get","line":62,"loc":{"start":{"line":0,"column":0},"end":{"line":0,"column":0},"skip":true},"skip":true}},"statementMap":{"1":{"start":{"line":0,"column":0},"end":{"line":0,"column":0},"skip":true},"2":{"start":{"line":0,"column":0},"end":{"line":0,"column":0},"skip":true},"3":{"start":{"line":0,"column":0},"end":{"line":0,"column":0},"skip":true},"4":{"start":{"line":0,"column":0},"end":{"line":0,"column":0},"skip":true},"5":{"start":{"line":0,"column":0},"end":{"line":0,"column":0},"skip":true},"6":{"start":{"line":0,"column":0},"end":{"line":0,"column":0},"skip":true},"7":{"start":{"line":0,"column":0},"end":{"line":0,"column":0},"skip":true},"8":{"start":{"line":0,"column":0},"end":{"line":0,"column":0},"skip":true},"9":{"start":{"line":0,"column":0},"end":{"line":0,"column":0},"skip":true},"10":{"start":{"line":0,"column":0},"end":{"line":0,"column":0},"skip":true},"11":{"start":{"line":0,"column":0},"end":{"line":0,"column":0},"skip":true},"12":{"start":{"line":0,"column":0},"end":{"line":0,"column":0},"skip":true},"13":{"start":{"line":0,"column":0},"end":{"line":0,"column":0},"skip":true},"14":{"start":{"line":1,"column":-15},"end":{"line":1,"column":19}},"15":{"start":{"line":0,"column":0},"end":{"line":0,"column":0},"skip":true},"16":{"start":{"line":0,"column":0},"end":{"line":0,"column":0},"skip":true},"17":{"start":{"line":0,"column":0},"end":{"line":0,"column":0},"skip":true},"18":{"start":{"line":0,"column":0},"end":{"line":0,"column":0},"skip":true},"19":{"start":{"line":0,"column":0},"end":{"line":0,"column":0},"skip":true},"20":{"start":{"line":0,"column":0},"end":{"line":0,"column":0},"skip":true},"21":{"start":{"line":0,"column":0},"end":{"line":0,"column":0},"skip":true},"22":{"start":{"line":0,"column":0},"end":{"line":0,"column":0},"skip":true},"23":{"start":{"line":0,"column":0},"end":{"line":0,"column":0},"skip":true},"24":{"start":{"line":0,"column":0},"end":{"line":0,"column":0},"skip":true},"25":{"start":{"line":0,"column":0},"end":{"line":0,"column":0},"skip":true},"26":{"start":{"line":0,"column":0},"end":{"line":0,"column":0},"skip":true},"27":{"start":{"line":0,"column":0},"end":{"line":0,"column":0},"skip":true},"28":{"start":{"line":0,"column":0},"end":{"line":0,"column":0},"skip":true},"29":{"start":{"line":0,"column":0},"end":{"line":0,"column":0},"skip":true},"30":{"start":{"line":0,"column":0},"end":{"line":0,"column":0},"skip":true},"31":{"start":{"line":0,"column":0},"end":{"line":0,"column":0},"skip":true},"32":{"start":{"line":0,"column":0},"end":{"line":0,"column":0},"skip":true},"33":{"start":{"line":0,"column":0},"end":{"line":0,"column":0},"skip":true},"34":{"start":{"line":0,"column":0},"end":{"line":0,"column":0},"skip":true},"35":{"start":{"line":0,"column":0},"end":{"line":0,"column":0},"skip":true}},"branchMap":{"1":{"line":9,"type":"if","locations":[{"start":{"line":0,"column":0},"end":{"line":0,"column":0},"skip":true},{"start":{"line":0,"column":0},"end":{"line":0,"column":0},"skip":true}]},"2":{"line":9,"type":"binary-expr","locations":[{"start":{"line":0,"column":0},"end":{"line":0,"column":0},"skip":true},{"start":{"line":0,"column":0},"end":{"line":0,"column":0},"skip":true},{"start":{"line":0,"column":0},"end":{"line":0,"column":0},"skip":true}]}},"l":{"0":85,"1":1}},
"/home/travis/build/stellar/js-stellar-sdk/src/errors.js":{"path":"/home/travis/build/stellar/js-stellar-sdk/src/errors.js","s":{"1":1,"2":1,"3":4,"4":5,"5":5,"6":5,"7":4,"8":4,"9":4,"10":1,"11":1,"12":1,"13":1,"14":1,"15":1,"16":1,"17":1,"18":1,"19":4,"20":4},"b":{"1":[5,0]},"f":{"1":4,"2":5,"3":4},"fnMap":{"1":{"name":"(anonymous_1)","line":6,"loc":{"start":{"line":1,"column":2},"end":{"line":1,"column":22}}},"2":{"name":"newError","line":7,"loc":{"start":{"line":2,"column":17},"end":{"line":2,"column":41}}},"3":{"name":"inherits","line":43,"loc":{"start":{"line":34,"column":0},"end":{"line":34,"column":35}}}},"statementMap":{"1":{"start":{"line":0,"column":0},"end":{"line":0,"column":0},"skip":true},"2":{"start":{"line":1,"column":-15},"end":{"line":12,"column":2}},"3":{"start":{"line":2,"column":2},"end":{"line":6,"column":4}},"4":{"start":{"line":3,"column":4},"end":{"line":3,"column":29}},"5":{"start":{"line":4,"column":4},"end":{"line":4,"column":35}},"6":{"start":{"line":5,"column":4},"end":{"line":5,"column":21}},"7":{"start":{"line":8,"column":2},"end":{"line":8,"column":36}},"8":{"start":{"line":9,"column":2},"end":{"line":9,"column":27}},"9":{"start":{"line":11,"column":2},"end":{"line":11,"column":18}},"10":{"start":{"line":14,"column":7},"end":{"line":14,"column":57}},"11":{"start":{"line":0,"column":0},"end":{"line":0,"column":0},"skip":true},"12":{"start":{"line":15,"column":7},"end":{"line":15,"column":66}},"13":{"start":{"line":0,"column":0},"end":{"line":0,"column":0},"skip":true},"14":{"start":{"line":16,"column":7},"end":{"line":16,"column":63}},"15":{"start":{"line":0,"column":0},"end":{"line":0,"column":0},"skip":true},"16":{"start":{"line":17,"column":7},"end":{"line":17,"column":65}},"17":{"start":{"line":0,"column":0},"end":{"line":0,"column":0},"skip":true},"18":{"start":{"line":34,"column":0},"end":{"line":44,"column":1}},"19":{"start":{"line":35,"column":2},"end":{"line":35,"column":26}},"20":{"start":{"line":36,"column":2},"end":{"line":43,"column":5}}},"branchMap":{"1":{"line":9,"type":"binary-expr","locations":[{"start":{"line":4,"column":20},"end":{"line":4,"column":27}},{"start":{"line":4,"column":31},"end":{"line":4,"column":33}}]}},"l":{"0":1,"1":1,"2":4,"3":5,"4":5,"5":5,"8":4,"9":4,"11":4,"14":1,"15":1,"16":1,"17":1,"34":1,"35":4,"36":4}},
"/home/travis/build/stellar/js-stellar-sdk/src/config.js":{"path":"/home/travis/build/stellar/js-stellar-sdk/src/config.js","s":{"1":1,"2":1,"3":1,"4":1,"5":3,"6":3,"7":3,"8":3,"9":3,"10":3,"11":1,"12":1,"13":0,"14":1,"15":1,"16":1,"17":1,"18":1,"19":1,"20":0,"21":0,"22":1,"23":1,"24":1,"25":1,"26":1,"27":1,"28":0,"29":1,"30":3,"31":80,"32":82,"33":1,"34":1},"b":{"1":[3,3],"2":[3,0],"3":[0,1],"4":[1,0],"5":[0,1],"6":[1,1],"7":[0,0]},"f":{"1":1,"2":1,"3":1,"4":1,"5":0,"6":1,"7":0,"8":3,"9":80,"10":82},"fnMap":{"1":{"name":"(anonymous_1)","line":7,"loc":{"start":{"line":0,"column":0},"end":{"line":0,"column":0},"skip":true},"skip":true},"2":{"name":"defineProperties","line":7,"loc":{"start":{"line":0,"column":0},"end":{"line":0,"column":0},"skip":true},"skip":true},"3":{"name":"(anonymous_3)","line":7,"loc":{"start":{"line":0,"column":0},"end":{"line":0,"column":0},"skip":true},"skip":true},"4":{"name":"_interopRequireDefault","line":9,"loc":{"start":{"line":0,"column":0},"end":{"line":0,"column":0},"skip":true},"skip":true},"5":{"name":"_classCallCheck","line":11,"loc":{"start":{"line":0,"column":0},"end":{"line":0,"column":0},"skip":true},"skip":true},"6":{"name":"(anonymous_6)","line":39,"loc":{"start":{"line":24,"column":12},"end":{"line":24,"column":12}}},"7":{"name":"Config","line":40,"loc":{"start":{"line":0,"column":0},"end":{"line":0,"column":0},"skip":true},"skip":true},"8":{"name":"setAllowHttp","line":53,"loc":{"start":{"line":31,"column":21},"end":{"line":31,"column":29}}},"9":{"name":"isAllowHttp","line":63,"loc":{"start":{"line":39,"column":20},"end":{"line":39,"column":23}}},"10":{"name":"setDefault","line":73,"loc":{"start":{"line":47,"column":19},"end":{"line":47,"column":22}}}},"statementMap":{"1":{"start":{"line":0,"column":0},"end":{"line":0,"column":0},"skip":true},"2":{"start":{"line":0,"column":0},"end":{"line":0,"column":0},"skip":true},"3":{"start":{"line":0,"column":0},"end":{"line":0,"column":0},"skip":true},"4":{"start":{"line":0,"column":0},"end":{"line":0,"column":0},"skip":true},"5":{"start":{"line":0,"column":0},"end":{"line":0,"column":0},"skip":true},"6":{"start":{"line":0,"column":0},"end":{"line":0,"column":0},"skip":true},"7":{"start":{"line":0,"column":0},"end":{"line":0,"column":0},"skip":true},"8":{"start":{"line":0,"column":0},"end":{"line":0,"column":0},"skip":true},"9":{"start":{"line":0,"column":0},"end":{"line":0,"column":0},"skip":true},"10":{"start":{"line":0,"column":0},"end":{"line":0,"column":0},"skip":true},"11":{"start":{"line":0,"column":0},"end":{"line":0,"column":0},"skip":true},"12":{"start":{"line":0,"column":0},"end":{"line":0,"column":0},"skip":true},"13":{"start":{"line":0,"column":0},"end":{"line":0,"column":0},"skip":true},"14":{"start":{"line":0,"column":0},"end":{"line":0,"column":0},"skip":true},"15":{"start":{"line":0,"column":0},"end":{"line":0,"column":0},"skip":true},"16":{"start":{"line":0,"column":0},"end":{"line":0,"column":0},"skip":true},"17":{"start":{"line":0,"column":0},"end":{"line":0,"column":0},"skip":true},"18":{"start":{"line":0,"column":0},"end":{"line":0,"column":0},"skip":true},"19":{"start":{"line":0,"column":0},"end":{"line":0,"column":0},"skip":true},"20":{"start":{"line":0,"column":0},"end":{"line":0,"column":0},"skip":true},"21":{"start":{"line":0,"column":0},"end":{"line":0,"column":0},"skip":true},"22":{"start":{"line":0,"column":0},"end":{"line":0,"column":0},"skip":true},"23":{"start":{"line":0,"column":0},"end":{"line":0,"column":0},"skip":true},"24":{"start":{"line":3,"column":0},"end":{"line":5,"column":2}},"25":{"start":{"line":7,"column":0},"end":{"line":7,"column":34}},"26":{"start":{"line":0,"column":0},"end":{"line":0,"column":0},"skip":true},"27":{"start":{"line":0,"column":0},"end":{"line":0,"column":0},"skip":true},"28":{"start":{"line":0,"column":0},"end":{"line":0,"column":0},"skip":true},"29":{"start":{"line":0,"column":0},"end":{"line":0,"column":0},"skip":true},"30":{"start":{"line":32,"column":4},"end":{"line":32,"column":29}},"31":{"start":{"line":40,"column":4},"end":{"line":40,"column":35}},"32":{"start":{"line":48,"column":4},"end":{"line":48,"column":34}},"33":{"start":{"line":0,"column":0},"end":{"line":0,"column":0},"skip":true},"34":{"start":{"line":0,"column":0},"end":{"line":0,"column":0},"skip":true}},"branchMap":{"1":{"line":7,"type":"binary-expr","locations":[{"start":{"line":0,"column":0},"end":{"line":0,"column":0},"skip":true},{"start":{"line":0,"column":0},"end":{"line":0,"column":0},"skip":true}]},"2":{"line":7,"type":"if","locations":[{"start":{"line":0,"column":0},"end":{"line":0,"column":0},"skip":true},{"start":{"line":0,"column":0},"end":{"line":0,"column":0},"skip":true}]},"3":{"line":7,"type":"if","locations":[{"start":{"line":0,"column":0},"end":{"line":0,"column":0},"skip":true},{"start":{"line":0,"column":0},"end":{"line":0,"column":0},"skip":true}]},"4":{"line":7,"type":"if","locations":[{"start":{"line":0,"column":0},"end":{"line":0,"column":0},"skip":true},{"start":{"line":0,"column":0},"end":{"line":0,"column":0},"skip":true}]},"5":{"line":9,"type":"cond-expr","locations":[{"start":{"line":0,"column":0},"end":{"line":0,"column":0},"skip":true},{"start":{"line":0,"column":0},"end":{"line":0,"column":0},"skip":true}]},"6":{"line":9,"type":"binary-expr","locations":[{"start":{"line":0,"column":0},"end":{"line":0,"column":0},"skip":true},{"start":{"line":0,"column":0},"end":{"line":0,"column":0},"skip":true}]},"7":{"line":11,"type":"if","locations":[{"start":{"line":0,"column":0},"end":{"line":0,"column":0},"skip":true},{"start":{"line":0,"column":0},"end":{"line":0,"column":0},"skip":true}]}},"l":{"0":3,"3":1,"7":1,"32":3,"40":80,"48":82}},
"/home/travis/build/stellar/js-stellar-sdk/src/server.js":{"path":"/home/travis/build/stellar/js-stellar-sdk/src/server.js","s":{"1":1,"2":1,"3":1,"4":1,"5":1,"6":15,"7":15,"8":15,"9":15,"10":15,"11":15,"12":1,"13":1,"14":1,"15":1,"16":0,"17":1,"18":1,"19":1,"20":1,"21":50,"22":0,"23":1,"24":1,"25":1,"26":1,"27":1,"28":1,"29":1,"30":1,"31":1,"32":1,"33":1,"34":1,"35":1,"36":1,"37":1,"38":1,"39":1,"40":1,"41":1,"42":1,"43":1,"44":1,"45":1,"46":1,"47":1,"48":1,"49":1,"50":50,"51":50,"52":50,"53":50,"54":50,"55":2,"56":50,"57":1,"58":1,"59":7,"60":7,"61":6,"62":1,"63":0,"64":1,"65":7,"66":15,"67":7,"68":11,"69":2,"70":2,"71":2,"72":2,"73":4,"74":4,"75":1,"76":3,"77":4,"78":1,"79":5,"80":6,"81":5,"82":2,"83":1,"84":1},"b":{"1":[15,15],"2":[15,0],"3":[1,0],"4":[0,1],"5":[0,1],"6":[1,1],"7":[0,50],"8":[48,2],"9":[50,2],"10":[2,48],"11":[1,49],"12":[50,4],"13":[0,1]},"f":{"1":1,"2":1,"3":1,"4":1,"5":50,"6":1,"7":50,"8":7,"9":6,"10":1,"11":15,"12":7,"13":11,"14":2,"15":2,"16":4,"17":4,"18":1,"19":3,"20":4,"21":1,"22":5,"23":6,"24":5,"25":2},"fnMap":{"1":{"name":"(anonymous_1)","line":8,"loc":{"start":{"line":0,"column":0},"end":{"line":0,"column":0},"skip":true},"skip":true},"2":{"name":"defineProperties","line":8,"loc":{"start":{"line":0,"column":0},"end":{"line":0,"column":0},"skip":true},"skip":true},"3":{"name":"(anonymous_3)","line":8,"loc":{"start":{"line":0,"column":0},"end":{"line":0,"column":0},"skip":true},"skip":true},"4":{"name":"_interopRequireDefault","line":10,"loc":{"start":{"line":0,"column":0},"end":{"line":0,"column":0},"skip":true},"skip":true},"5":{"name":"_classCallCheck","line":12,"loc":{"start":{"line":0,"column":0},"end":{"line":0,"column":0},"skip":true},"skip":true},"6":{"name":"(anonymous_6)","line":69,"loc":{"start":{"line":36,"column":19},"end":{"line":36,"column":19}}},"7":{"name":"Server","line":70,"loc":{"start":{"line":37,"column":15},"end":{"line":37,"column":38}}},"8":{"name":"submitTransaction","line":96,"loc":{"start":{"line":56,"column":21},"end":{"line":56,"column":35}}},"9":{"name":"(anonymous_9)","line":98,"loc":{"start":{"line":63,"column":18},"end":{"line":63,"column":37}}},"10":{"name":"(anonymous_10)","line":100,"loc":{"start":{"line":66,"column":19},"end":{"line":66,"column":39}}},"11":{"name":"accounts","line":116,"loc":{"start":{"line":80,"column":12},"end":{"line":80,"column":15}}},"12":{"name":"ledgers","line":126,"loc":{"start":{"line":88,"column":11},"end":{"line":88,"column":14}}},"13":{"name":"transactions","line":136,"loc":{"start":{"line":96,"column":16},"end":{"line":96,"column":19}}},"14":{"name":"offers","line":155,"loc":{"start":{"line":113,"column":10},"end":{"line":113,"column":40}}},"15":{"name":"orderbook","line":171,"loc":{"start":{"line":123,"column":13},"end":{"line":123,"column":31}}},"16":{"name":"trades","line":181,"loc":{"start":{"line":131,"column":10},"end":{"line":131,"column":13}}},"17":{"name":"operations","line":191,"loc":{"start":{"line":139,"column":14},"end":{"line":139,"column":17}}},"18":{"name":"paths","line":220,"loc":{"start":{"line":166,"column":9},"end":{"line":166,"column":68}}},"19":{"name":"payments","line":230,"loc":{"start":{"line":174,"column":12},"end":{"line":174,"column":15}}},"20":{"name":"effects","line":240,"loc":{"start":{"line":182,"column":11},"end":{"line":182,"column":14}}},"21":{"name":"friendbot","line":251,"loc":{"start":{"line":191,"column":13},"end":{"line":191,"column":23}}},"22":{"name":"assets","line":261,"loc":{"start":{"line":199,"column":10},"end":{"line":199,"column":13}}},"23":{"name":"loadAccount","line":272,"loc":{"start":{"line":209,"column":15},"end":{"line":209,"column":27}}},"24":{"name":"(anonymous_24)","line":273,"loc":{"start":{"line":213,"column":18},"end":{"line":213,"column":33}}},"25":{"name":"tradeAggregation","line":290,"loc":{"start":{"line":228,"column":20},"end":{"line":228,"column":69}}}},"statementMap":{"1":{"start":{"line":0,"column":0},"end":{"line":0,"column":0},"skip":true},"2":{"start":{"line":0,"column":0},"end":{"line":0,"column":0},"skip":true},"3":{"start":{"line":0,"column":0},"end":{"line":0,"column":0},"skip":true},"4":{"start":{"line":0,"column":0},"end":{"line":0,"column":0},"skip":true},"5":{"start":{"line":0,"column":0},"end":{"line":0,"column":0},"skip":true},"6":{"start":{"line":0,"column":0},"end":{"line":0,"column":0},"skip":true},"7":{"start":{"line":0,"column":0},"end":{"line":0,"column":0},"skip":true},"8":{"start":{"line":0,"column":0},"end":{"line":0,"column":0},"skip":true},"9":{"start":{"line":0,"column":0},"end":{"line":0,"column":0},"skip":true},"10":{"start":{"line":0,"column":0},"end":{"line":0,"column":0},"skip":true},"11":{"start":{"line":0,"column":0},"end":{"line":0,"column":0},"skip":true},"12":{"start":{"line":0,"column":0},"end":{"line":0,"column":0},"skip":true},"13":{"start":{"line":0,"column":0},"end":{"line":0,"column":0},"skip":true},"14":{"start":{"line":0,"column":0},"end":{"line":0,"column":0},"skip":true},"15":{"start":{"line":0,"column":0},"end":{"line":0,"column":0},"skip":true},"16":{"start":{"line":0,"column":0},"end":{"line":0,"column":0},"skip":true},"17":{"start":{"line":0,"column":0},"end":{"line":0,"column":0},"skip":true},"18":{"start":{"line":0,"column":0},"end":{"line":0,"column":0},"skip":true},"19":{"start":{"line":0,"column":0},"end":{"line":0,"column":0},"skip":true},"20":{"start":{"line":0,"column":0},"end":{"line":0,"column":0},"skip":true},"21":{"start":{"line":0,"column":0},"end":{"line":0,"column":0},"skip":true},"22":{"start":{"line":0,"column":0},"end":{"line":0,"column":0},"skip":true},"23":{"start":{"line":0,"column":0},"end":{"line":0,"column":0},"skip":true},"24":{"start":{"line":0,"column":0},"end":{"line":0,"column":0},"skip":true},"25":{"start":{"line":0,"column":0},"end":{"line":0,"column":0},"skip":true},"26":{"start":{"line":0,"column":0},"end":{"line":0,"column":0},"skip":true},"27":{"start":{"line":0,"column":0},"end":{"line":0,"column":0},"skip":true},"28":{"start":{"line":0,"column":0},"end":{"line":0,"column":0},"skip":true},"29":{"start":{"line":0,"column":0},"end":{"line":0,"column":0},"skip":true},"30":{"start":{"line":0,"column":0},"end":{"line":0,"column":0},"skip":true},"31":{"start":{"line":0,"column":0},"end":{"line":0,"column":0},"skip":true},"32":{"start":{"line":0,"column":0},"end":{"line":0,"column":0},"skip":true},"33":{"start":{"line":0,"column":0},"end":{"line":0,"column":0},"skip":true},"34":{"start":{"line":0,"column":0},"end":{"line":0,"column":0},"skip":true},"35":{"start":{"line":0,"column":0},"end":{"line":0,"column":0},"skip":true},"36":{"start":{"line":0,"column":0},"end":{"line":0,"column":0},"skip":true},"37":{"start":{"line":0,"column":0},"end":{"line":0,"column":0},"skip":true},"38":{"start":{"line":0,"column":0},"end":{"line":0,"column":0},"skip":true},"39":{"start":{"line":0,"column":0},"end":{"line":0,"column":0},"skip":true},"40":{"start":{"line":0,"column":0},"end":{"line":0,"column":0},"skip":true},"41":{"start":{"line":0,"column":0},"end":{"line":0,"column":0},"skip":true},"42":{"start":{"line":21,"column":0},"end":{"line":21,"column":29}},"43":{"start":{"line":22,"column":0},"end":{"line":22,"column":45}},"44":{"start":{"line":23,"column":0},"end":{"line":23,"column":27}},"45":{"start":{"line":24,"column":0},"end":{"line":24,"column":47}},"46":{"start":{"line":26,"column":7},"end":{"line":26,"column":50}},"47":{"start":{"line":0,"column":0},"end":{"line":0,"column":0},"skip":true},"48":{"start":{"line":0,"column":0},"end":{"line":0,"column":0},"skip":true},"49":{"start":{"line":37,"column":15},"end":{"line":48,"column":5}},"50":{"start":{"line":0,"column":0},"end":{"line":0,"column":0},"skip":true},"51":{"start":{"line":0,"column":0},"end":{"line":0,"column":0},"skip":true},"52":{"start":{"line":38,"column":8},"end":{"line":38,"column":40}},"53":{"start":{"line":40,"column":8},"end":{"line":40,"column":45}},"54":{"start":{"line":41,"column":8},"end":{"line":43,"column":9}},"55":{"start":{"line":42,"column":12},"end":{"line":42,"column":39}},"56":{"start":{"line":45,"column":8},"end":{"line":47,"column":9}},"57":{"start":{"line":46,"column":12},"end":{"line":46,"column":73}},"58":{"start":{"line":0,"column":0},"end":{"line":0,"column":0},"skip":true},"59":{"start":{"line":57,"column":8},"end":{"line":57,"column":89}},"60":{"start":{"line":58,"column":8},"end":{"line":72,"column":15}},"61":{"start":{"line":64,"column":16},"end":{"line":64,"column":37}},"62":{"start":{"line":67,"column":16},"end":{"line":71,"column":17}},"63":{"start":{"line":68,"column":20},"end":{"line":68,"column":52}},"64":{"start":{"line":70,"column":20},"end":{"line":70,"column":173}},"65":{"start":{"line":73,"column":8},"end":{"line":73,"column":35}},"66":{"start":{"line":81,"column":8},"end":{"line":81,"column":59}},"67":{"start":{"line":89,"column":8},"end":{"line":89,"column":58}},"68":{"start":{"line":97,"column":8},"end":{"line":97,"column":63}},"69":{"start":{"line":0,"column":0},"end":{"line":0,"column":0},"skip":true},"70":{"start":{"line":113,"column":24},"end":{"line":113,"column":38}},"71":{"start":{"line":114,"column":8},"end":{"line":114,"column":86}},"72":{"start":{"line":124,"column":8},"end":{"line":124,"column":78}},"73":{"start":{"line":132,"column":8},"end":{"line":132,"column":58}},"74":{"start":{"line":140,"column":8},"end":{"line":140,"column":61}},"75":{"start":{"line":167,"column":8},"end":{"line":167,"column":114}},"76":{"start":{"line":175,"column":8},"end":{"line":175,"column":59}},"77":{"start":{"line":183,"column":8},"end":{"line":183,"column":58}},"78":{"start":{"line":192,"column":8},"end":{"line":192,"column":66}},"79":{"start":{"line":200,"column":8},"end":{"line":200,"column":58}},"80":{"start":{"line":210,"column":8},"end":{"line":215,"column":15}},"81":{"start":{"line":214,"column":16},"end":{"line":214,"column":48}},"82":{"start":{"line":229,"column":8},"end":{"line":229,"column":117}},"83":{"start":{"line":0,"column":0},"end":{"line":0,"column":0},"skip":true},"84":{"start":{"line":0,"column":0},"end":{"line":0,"column":0},"skip":true}},"branchMap":{"1":{"line":8,"type":"binary-expr","locations":[{"start":{"line":0,"column":0},"end":{"line":0,"column":0},"skip":true},{"start":{"line":0,"column":0},"end":{"line":0,"column":0},"skip":true}]},"2":{"line":8,"type":"if","locations":[{"start":{"line":0,"column":0},"end":{"line":0,"column":0},"skip":true},{"start":{"line":0,"column":0},"end":{"line":0,"column":0},"skip":true}]},"3":{"line":8,"type":"if","locations":[{"start":{"line":0,"column":0},"end":{"line":0,"column":0},"skip":true},{"start":{"line":0,"column":0},"end":{"line":0,"column":0},"skip":true}]},"4":{"line":8,"type":"if","locations":[{"start":{"line":0,"column":0},"end":{"line":0,"column":0},"skip":true},{"start":{"line":0,"column":0},"end":{"line":0,"column":0},"skip":true}]},"5":{"line":10,"type":"cond-expr","locations":[{"start":{"line":0,"column":0},"end":{"line":0,"column":0},"skip":true},{"start":{"line":0,"column":0},"end":{"line":0,"column":0},"skip":true}]},"6":{"line":10,"type":"binary-expr","locations":[{"start":{"line":0,"column":0},"end":{"line":0,"column":0},"skip":true},{"start":{"line":0,"column":0},"end":{"line":0,"column":0},"skip":true}]},"7":{"line":12,"type":"if","locations":[{"start":{"line":0,"column":0},"end":{"line":0,"column":0},"skip":true},{"start":{"line":0,"column":0},"end":{"line":0,"column":0},"skip":true}]},"8":{"line":71,"type":"cond-expr","locations":[{"start":{"line":37,"column":34},"end":{"line":37,"column":36}},{"start":{"line":37,"column":36},"end":{"line":37,"column":36}}]},"9":{"line":71,"type":"binary-expr","locations":[{"start":{"line":37,"column":31},"end":{"line":37,"column":31}},{"start":{"line":37,"column":31},"end":{"line":37,"column":31}}]},"10":{"line":78,"type":"if","locations":[{"start":{"line":41,"column":8},"end":{"line":41,"column":8}},{"start":{"line":41,"column":8},"end":{"line":41,"column":8}}]},"11":{"line":82,"type":"if","locations":[{"start":{"line":45,"column":8},"end":{"line":45,"column":8}},{"start":{"line":45,"column":8},"end":{"line":45,"column":8}}]},"12":{"line":82,"type":"binary-expr","locations":[{"start":{"line":45,"column":12},"end":{"line":45,"column":48}},{"start":{"line":45,"column":52},"end":{"line":45,"column":62}}]},"13":{"line":101,"type":"if","locations":[{"start":{"line":67,"column":16},"end":{"line":67,"column":16}},{"start":{"line":67,"column":16},"end":{"line":67,"column":16}}]}},"l":{"0":50,"21":1,"22":1,"23":1,"24":1,"26":1,"37":1,"38":50,"40":50,"41":50,"42":2,"45":50,"46":1,"57":7,"58":7,"64":6,"67":1,"68":0,"70":1,"73":7,"81":15,"89":7,"97":11,"113":2,"114":2,"124":2,"132":4,"140":4,"167":1,"175":3,"183":4,"192":1,"200":5,"210":6,"214":5,"229":2}},
"/home/travis/build/stellar/js-stellar-sdk/src/account_call_builder.js":{"path":"/home/travis/build/stellar/js-stellar-sdk/src/account_call_builder.js","s":{"1":1,"2":1,"3":1,"4":1,"5":1,"6":1,"7":1,"8":1,"9":1,"10":1,"11":1,"12":1,"13":1,"14":1,"15":0,"16":1,"17":1,"18":15,"19":15,"20":15,"21":15,"22":15,"23":15,"24":0,"25":15,"26":15,"27":0,"28":0,"29":0,"30":0,"31":0,"32":0,"33":0,"34":0,"35":0,"36":15,"37":15,"38":0,"39":0,"40":0,"41":0,"42":1,"43":15,"44":0,"45":1,"46":1,"47":0,"48":1,"49":1,"50":1,"51":1,"52":1,"53":1,"54":1,"55":15,"56":15,"57":15,"58":1,"59":10,"60":10,"61":1,"62":1},"b":{"1":[1,1],"2":[1,0],"3":[1,0],"4":[0,1],"5":[0,15],"6":[0,15],"7":[0,0],"8":[15,0],"9":[0,0],"10":[0,15],"11":[0,1],"12":[1,0],"13":[1,1],"14":[1,0],"15":[1,0]},"f":{"1":1,"2":1,"3":1,"4":15,"5":15,"6":1,"7":1,"8":15,"9":10},"fnMap":{"1":{"name":"(anonymous_1)","line":7,"loc":{"start":{"line":0,"column":0},"end":{"line":0,"column":0},"skip":true},"skip":true},"2":{"name":"defineProperties","line":7,"loc":{"start":{"line":0,"column":0},"end":{"line":0,"column":0},"skip":true},"skip":true},"3":{"name":"(anonymous_3)","line":7,"loc":{"start":{"line":0,"column":0},"end":{"line":0,"column":0},"skip":true},"skip":true},"4":{"name":"get","line":9,"loc":{"start":{"line":0,"column":0},"end":{"line":0,"column":0},"skip":true},"skip":true},"5":{"name":"_classCallCheck","line":11,"loc":{"start":{"line":0,"column":0},"end":{"line":0,"column":0},"skip":true},"skip":true},"6":{"name":"_inherits","line":13,"loc":{"start":{"line":0,"column":0},"end":{"line":0,"column":0},"skip":true},"skip":true},"7":{"name":"(anonymous_7)","line":17,"loc":{"start":{"line":3,"column":31},"end":{"line":3,"column":31}}},"8":{"name":"AccountCallBuilder","line":30,"loc":{"start":{"line":13,"column":15},"end":{"line":13,"column":27}}},"9":{"name":"accountId","line":48,"loc":{"start":{"line":26,"column":13},"end":{"line":26,"column":18}}}},"statementMap":{"1":{"start":{"line":0,"column":0},"end":{"line":0,"column":0},"skip":true},"2":{"start":{"line":0,"column":0},"end":{"line":0,"column":0},"skip":true},"3":{"start":{"line":0,"column":0},"end":{"line":0,"column":0},"skip":true},"4":{"start":{"line":0,"column":0},"end":{"line":0,"column":0},"skip":true},"5":{"start":{"line":0,"column":0},"end":{"line":0,"column":0},"skip":true},"6":{"start":{"line":0,"column":0},"end":{"line":0,"column":0},"skip":true},"7":{"start":{"line":0,"column":0},"end":{"line":0,"column":0},"skip":true},"8":{"start":{"line":0,"column":0},"end":{"line":0,"column":0},"skip":true},"9":{"start":{"line":0,"column":0},"end":{"line":0,"column":0},"skip":true},"10":{"start":{"line":0,"column":0},"end":{"line":0,"column":0},"skip":true},"11":{"start":{"line":0,"column":0},"end":{"line":0,"column":0},"skip":true},"12":{"start":{"line":0,"column":0},"end":{"line":0,"column":0},"skip":true},"13":{"start":{"line":0,"column":0},"end":{"line":0,"column":0},"skip":true},"14":{"start":{"line":0,"column":0},"end":{"line":0,"column":0},"skip":true},"15":{"start":{"line":0,"column":0},"end":{"line":0,"column":0},"skip":true},"16":{"start":{"line":0,"column":0},"end":{"line":0,"column":0},"skip":true},"17":{"start":{"line":0,"column":0},"end":{"line":0,"column":0},"skip":true},"18":{"start":{"line":0,"column":0},"end":{"line":0,"column":0},"skip":true},"19":{"start":{"line":0,"column":0},"end":{"line":0,"column":0},"skip":true},"20":{"start":{"line":0,"column":0},"end":{"line":0,"column":0},"skip":true},"21":{"start":{"line":0,"column":0},"end":{"line":0,"column":0},"skip":true},"22":{"start":{"line":0,"column":0},"end":{"line":0,"column":0},"skip":true},"23":{"start":{"line":0,"column":0},"end":{"line":0,"column":0},"skip":true},"24":{"start":{"line":0,"column":0},"end":{"line":0,"column":0},"skip":true},"25":{"start":{"line":0,"column":0},"end":{"line":0,"column":0},"skip":true},"26":{"start":{"line":0,"column":0},"end":{"line":0,"column":0},"skip":true},"27":{"start":{"line":0,"column":0},"end":{"line":0,"column":0},"skip":true},"28":{"start":{"line":0,"column":0},"end":{"line":0,"column":0},"skip":true},"29":{"start":{"line":0,"column":0},"end":{"line":0,"column":0},"skip":true},"30":{"start":{"line":0,"column":0},"end":{"line":0,"column":0},"skip":true},"31":{"start":{"line":0,"column":0},"end":{"line":0,"column":0},"skip":true},"32":{"start":{"line":0,"column":0},"end":{"line":0,"column":0},"skip":true},"33":{"start":{"line":0,"column":0},"end":{"line":0,"column":0},"skip":true},"34":{"start":{"line":0,"column":0},"end":{"line":0,"column":0},"skip":true},"35":{"start":{"line":0,"column":0},"end":{"line":0,"column":0},"skip":true},"36":{"start":{"line":0,"column":0},"end":{"line":0,"column":0},"skip":true},"37":{"start":{"line":0,"column":0},"end":{"line":0,"column":0},"skip":true},"38":{"start":{"line":0,"column":0},"end":{"line":0,"column":0},"skip":true},"39":{"start":{"line":0,"column":0},"end":{"line":0,"column":0},"skip":true},"40":{"start":{"line":0,"column":0},"end":{"line":0,"column":0},"skip":true},"41":{"start":{"line":0,"column":0},"end":{"line":0,"column":0},"skip":true},"42":{"start":{"line":0,"column":0},"end":{"line":0,"column":0},"skip":true},"43":{"start":{"line":0,"column":0},"end":{"line":0,"column":0},"skip":true},"44":{"start":{"line":0,"column":0},"end":{"line":0,"column":0},"skip":true},"45":{"start":{"line":0,"column":0},"end":{"line":0,"column":0},"skip":true},"46":{"start":{"line":0,"column":0},"end":{"line":0,"column":0},"skip":true},"47":{"start":{"line":0,"column":0},"end":{"line":0,"column":0},"skip":true},"48":{"start":{"line":0,"column":0},"end":{"line":0,"column":0},"skip":true},"49":{"start":{"line":0,"column":0},"end":{"line":0,"column":0},"skip":true},"50":{"start":{"line":0,"column":0},"end":{"line":0,"column":0},"skip":true},"51":{"start":{"line":0,"column":0},"end":{"line":0,"column":0},"skip":true},"52":{"start":{"line":0,"column":0},"end":{"line":0,"column":0},"skip":true},"53":{"start":{"line":0,"column":0},"end":{"line":0,"column":0},"skip":true},"54":{"start":{"line":13,"column":15},"end":{"line":16,"column":5}},"55":{"start":{"line":0,"column":0},"end":{"line":0,"column":0},"skip":true},"56":{"start":{"line":14,"column":8},"end":{"line":14,"column":25}},"57":{"start":{"line":15,"column":8},"end":{"line":15,"column":37}},"58":{"start":{"line":0,"column":0},"end":{"line":0,"column":0},"skip":true},"59":{"start":{"line":27,"column":6},"end":{"line":27,"column":41}},"60":{"start":{"line":28,"column":6},"end":{"line":28,"column":18}},"61":{"start":{"line":0,"column":0},"end":{"line":0,"column":0},"skip":true},"62":{"start":{"line":0,"column":0},"end":{"line":0,"column":0},"skip":true}},"branchMap":{"1":{"line":7,"type":"binary-expr","locations":[{"start":{"line":0,"column":0},"end":{"line":0,"column":0},"skip":true},{"start":{"line":0,"column":0},"end":{"line":0,"column":0},"skip":true}]},"2":{"line":7,"type":"if","locations":[{"start":{"line":0,"column":0},"end":{"line":0,"column":0},"skip":true},{"start":{"line":0,"column":0},"end":{"line":0,"column":0},"skip":true}]},"3":{"line":7,"type":"if","locations":[{"start":{"line":0,"column":0},"end":{"line":0,"column":0},"skip":true},{"start":{"line":0,"column":0},"end":{"line":0,"column":0},"skip":true}]},"4":{"line":7,"type":"if","locations":[{"start":{"line":0,"column":0},"end":{"line":0,"column":0},"skip":true},{"start":{"line":0,"column":0},"end":{"line":0,"column":0},"skip":true}]},"5":{"line":9,"type":"if","locations":[{"start":{"line":0,"column":0},"end":{"line":0,"column":0},"skip":true},{"start":{"line":0,"column":0},"end":{"line":0,"column":0},"skip":true}]},"6":{"line":9,"type":"if","locations":[{"start":{"line":0,"column":0},"end":{"line":0,"column":0},"skip":true},{"start":{"line":0,"column":0},"end":{"line":0,"column":0},"skip":true}]},"7":{"line":9,"type":"if","locations":[{"start":{"line":0,"column":0},"end":{"line":0,"column":0},"skip":true},{"start":{"line":0,"column":0},"end":{"line":0,"column":0},"skip":true}]},"8":{"line":9,"type":"if","locations":[{"start":{"line":0,"column":0},"end":{"line":0,"column":0},"skip":true},{"start":{"line":0,"column":0},"end":{"line":0,"column":0},"skip":true}]},"9":{"line":9,"type":"if","locations":[{"start":{"line":0,"column":0},"end":{"line":0,"column":0},"skip":true},{"start":{"line":0,"column":0},"end":{"line":0,"column":0},"skip":true}]},"10":{"line":11,"type":"if","locations":[{"start":{"line":0,"column":0},"end":{"line":0,"column":0},"skip":true},{"start":{"line":0,"column":0},"end":{"line":0,"column":0},"skip":true}]},"11":{"line":13,"type":"if","locations":[{"start":{"line":0,"column":0},"end":{"line":0,"column":0},"skip":true},{"start":{"line":0,"column":0},"end":{"line":0,"column":0},"skip":true}]},"12":{"line":13,"type":"binary-expr","locations":[{"start":{"line":0,"column":0},"end":{"line":0,"column":0},"skip":true},{"start":{"line":0,"column":0},"end":{"line":0,"column":0},"skip":true}]},"13":{"line":13,"type":"binary-expr","locations":[{"start":{"line":0,"column":0},"end":{"line":0,"column":0},"skip":true},{"start":{"line":0,"column":0},"end":{"line":0,"column":0},"skip":true}]},"14":{"line":13,"type":"if","locations":[{"start":{"line":0,"column":0},"end":{"line":0,"column":0},"skip":true},{"start":{"line":0,"column":0},"end":{"line":0,"column":0},"skip":true}]},"15":{"line":13,"type":"cond-expr","locations":[{"start":{"line":0,"column":0},"end":{"line":0,"column":0},"skip":true},{"start":{"line":0,"column":0},"end":{"line":0,"column":0},"skip":true}]}},"l":{"0":15,"13":1,"14":15,"15":15,"27":10,"28":10}},
"/home/travis/build/stellar/js-stellar-sdk/src/call_builder.js":{"path":"/home/travis/build/stellar/js-stellar-sdk/src/call_builder.js","s":{"1":1,"2":1,"3":1,"4":1,"5":12,"6":12,"7":12,"8":12,"9":12,"10":12,"11":1,"12":1,"13":1,"14":1,"15":0,"16":1,"17":1,"18":1,"19":1,"20":61,"21":0,"22":1,"23":1,"24":1,"25":1,"26":1,"27":1,"28":1,"29":1,"30":1,"31":1,"32":61,"33":61,"34":61,"35":61,"36":1,"37":59,"38":1,"39":58,"40":30,"41":30,"42":58,"43":58,"44":57,"45":55,"46":1,"47":1,"48":1,"49":1,"50":1,"51":2,"52":0,"53":0,"54":1,"55":1,"56":1,"57":0,"58":0,"59":0,"60":0,"61":1,"62":1,"63":1,"64":1,"65":1,"66":1,"67":1,"68":1,"69":1,"70":0,"71":0,"72":1,"73":1,"74":1,"75":0,"76":0,"77":135,"78":135,"79":2,"80":2,"81":2,"82":2,"83":0,"84":2,"85":2,"86":66,"87":66,"88":32,"89":34,"90":135,"91":56,"92":135,"93":34,"94":60,"95":1,"96":60,"97":1,"98":60,"99":60,"100":58,"101":60,"102":56,"103":29,"104":27,"105":30,"106":30,"107":36,"108":30,"109":1,"110":1,"111":0,"112":0,"113":2,"114":0,"115":2,"116":2,"117":0,"118":7,"119":7,"120":8,"121":8,"122":6,"123":6,"124":1,"125":1},"b":{"1":[12,12],"2":[12,0],"3":[1,0],"4":[0,1],"5":[0,1],"6":[1,1],"7":[0,61],"8":[1,0],"9":[61,0],"10":[1,58],"11":[30,28],"12":[0,0],"13":[1,0],"14":[1,0],"15":[0,0],"16":[2,0],"17":[2,1],"18":[32,34],"19":[56,79],"20":[1,59],"21":[1,59],"22":[29,27],"23":[56,29],"24":[0,2],"25":[2,0]},"f":{"1":1,"2":1,"3":1,"4":1,"5":61,"6":1,"7":61,"8":59,"9":58,"10":55,"11":1,"12":2,"13":0,"14":1,"15":1,"16":0,"17":0,"18":135,"19":2,"20":2,"21":66,"22":135,"23":60,"24":58,"25":56,"26":30,"27":1,"28":1,"29":0,"30":0,"31":2,"32":7,"33":8,"34":6},"fnMap":{"1":{"name":"(anonymous_1)","line":7,"loc":{"start":{"line":0,"column":0},"end":{"line":0,"column":0},"skip":true},"skip":true},"2":{"name":"defineProperties","line":7,"loc":{"start":{"line":0,"column":0},"end":{"line":0,"column":0},"skip":true},"skip":true},"3":{"name":"(anonymous_3)","line":7,"loc":{"start":{"line":0,"column":0},"end":{"line":0,"column":0},"skip":true},"skip":true},"4":{"name":"_interopRequireDefault","line":9,"loc":{"start":{"line":0,"column":0},"end":{"line":0,"column":0},"skip":true},"skip":true},"5":{"name":"_classCallCheck","line":11,"loc":{"start":{"line":0,"column":0},"end":{"line":0,"column":0},"skip":true},"skip":true},"6":{"name":"(anonymous_6)","line":34,"loc":{"start":{"line":18,"column":24},"end":{"line":18,"column":24}}},"7":{"name":"CallBuilder","line":35,"loc":{"start":{"line":19,"column":13},"end":{"line":19,"column":25}}},"8":{"name":"checkFilter","line":49,"loc":{"start":{"line":28,"column":13},"end":{"line":28,"column":16}}},"9":{"name":"call","line":68,"loc":{"start":{"line":45,"column":6},"end":{"line":45,"column":9}}},"10":{"name":"(anonymous_10)","line":72,"loc":{"start":{"line":48,"column":12},"end":{"line":48,"column":13}}},"11":{"name":"stream","line":89,"loc":{"start":{"line":61,"column":8},"end":{"line":61,"column":18}}},"12":{"name":"createTimeout","line":102,"loc":{"start":{"line":72,"column":24},"end":{"line":72,"column":30}}},"13":{"name":"(anonymous_13)","line":103,"loc":{"start":{"line":73,"column":27},"end":{"line":73,"column":33}}},"14":{"name":"createEventSource","line":109,"loc":{"start":{"line":79,"column":28},"end":{"line":79,"column":34}}},"15":{"name":"(anonymous_15)","line":122,"loc":{"start":{"line":92,"column":21},"end":{"line":92,"column":32}}},"16":{"name":"(anonymous_16)","line":132,"loc":{"start":{"line":102,"column":19},"end":{"line":102,"column":28}}},"17":{"name":"close","line":142,"loc":{"start":{"line":112,"column":11},"end":{"line":112,"column":28}}},"18":{"name":"_requestFnForLink","line":153,"loc":{"start":{"line":121,"column":19},"end":{"line":121,"column":26}}},"19":{"name":"(anonymous_19)","line":156,"loc":{"start":{"line":122,"column":11},"end":{"line":122,"column":19}}},"20":{"name":"(anonymous_20)","line":166,"loc":{"start":{"line":132,"column":47},"end":{"line":132,"column":48}}},"21":{"name":"_parseRecord","line":178,"loc":{"start":{"line":140,"column":14},"end":{"line":140,"column":21}}},"22":{"name":"(anonymous_22)","line":184,"loc":{"start":{"line":144,"column":25},"end":{"line":144,"column":37}}},"23":{"name":"_sendNormalRequest","line":195,"loc":{"start":{"line":154,"column":20},"end":{"line":154,"column":26}}},"24":{"name":"(anonymous_24)","line":206,"loc":{"start":{"line":166,"column":12},"end":{"line":166,"column":20}}},"25":{"name":"_parseResponse","line":217,"loc":{"start":{"line":174,"column":16},"end":{"line":174,"column":23}}},"26":{"name":"_toCollectionPage","line":230,"loc":{"start":{"line":185,"column":19},"end":{"line":185,"column":26}}},"27":{"name":"next","line":238,"loc":{"start":{"line":191,"column":12},"end":{"line":191,"column":18}}},"28":{"name":"(anonymous_28)","line":239,"loc":{"start":{"line":193,"column":16},"end":{"line":193,"column":17}}},"29":{"name":"prev","line":243,"loc":{"start":{"line":195,"column":12},"end":{"line":195,"column":18}}},"30":{"name":"(anonymous_30)","line":244,"loc":{"start":{"line":197,"column":16},"end":{"line":197,"column":17}}},"31":{"name":"_handleNetworkError","line":256,"loc":{"start":{"line":205,"column":21},"end":{"line":205,"column":32}}},"32":{"name":"cursor","line":276,"loc":{"start":{"line":223,"column":8},"end":{"line":223,"column":17}}},"33":{"name":"limit","line":288,"loc":{"start":{"line":233,"column":7},"end":{"line":233,"column":16}}},"34":{"name":"order","line":299,"loc":{"start":{"line":242,"column":7},"end":{"line":242,"column":19}}}},"statementMap":{"1":{"start":{"line":0,"column":0},"end":{"line":0,"column":0},"skip":true},"2":{"start":{"line":0,"column":0},"end":{"line":0,"column":0},"skip":true},"3":{"start":{"line":0,"column":0},"end":{"line":0,"column":0},"skip":true},"4":{"start":{"line":0,"column":0},"end":{"line":0,"column":0},"skip":true},"5":{"start":{"line":0,"column":0},"end":{"line":0,"column":0},"skip":true},"6":{"start":{"line":0,"column":0},"end":{"line":0,"column":0},"skip":true},"7":{"start":{"line":0,"column":0},"end":{"line":0,"column":0},"skip":true},"8":{"start":{"line":0,"column":0},"end":{"line":0,"column":0},"skip":true},"9":{"start":{"line":0,"column":0},"end":{"line":0,"column":0},"skip":true},"10":{"start":{"line":0,"column":0},"end":{"line":0,"column":0},"skip":true},"11":{"start":{"line":0,"column":0},"end":{"line":0,"column":0},"skip":true},"12":{"start":{"line":0,"column":0},"end":{"line":0,"column":0},"skip":true},"13":{"start":{"line":0,"column":0},"end":{"line":0,"column":0},"skip":true},"14":{"start":{"line":0,"column":0},"end":{"line":0,"column":0},"skip":true},"15":{"start":{"line":0,"column":0},"end":{"line":0,"column":0},"skip":true},"16":{"start":{"line":0,"column":0},"end":{"line":0,"column":0},"skip":true},"17":{"start":{"line":0,"column":0},"end":{"line":0,"column":0},"skip":true},"18":{"start":{"line":0,"column":0},"end":{"line":0,"column":0},"skip":true},"19":{"start":{"line":0,"column":0},"end":{"line":0,"column":0},"skip":true},"20":{"start":{"line":0,"column":0},"end":{"line":0,"column":0},"skip":true},"21":{"start":{"line":0,"column":0},"end":{"line":0,"column":0},"skip":true},"22":{"start":{"line":0,"column":0},"end":{"line":0,"column":0},"skip":true},"23":{"start":{"line":0,"column":0},"end":{"line":0,"column":0},"skip":true},"24":{"start":{"line":0,"column":0},"end":{"line":0,"column":0},"skip":true},"25":{"start":{"line":4,"column":0},"end":{"line":4,"column":27}},"26":{"start":{"line":5,"column":0},"end":{"line":5,"column":51}},"27":{"start":{"line":7,"column":0},"end":{"line":7,"column":29}},"28":{"start":{"line":8,"column":0},"end":{"line":8,"column":96}},"29":{"start":{"line":9,"column":0},"end":{"line":9,"column":45}},"30":{"start":{"line":0,"column":0},"end":{"line":0,"column":0},"skip":true},"31":{"start":{"line":19,"column":13},"end":{"line":23,"column":3}},"32":{"start":{"line":0,"column":0},"end":{"line":0,"column":0},"skip":true},"33":{"start":{"line":20,"column":4},"end":{"line":20,"column":25}},"34":{"start":{"line":21,"column":4},"end":{"line":21,"column":21}},"35":{"start":{"line":22,"column":4},"end":{"line":22,"column":53}},"36":{"start":{"line":0,"column":0},"end":{"line":0,"column":0},"skip":true},"37":{"start":{"line":29,"column":4},"end":{"line":31,"column":5}},"38":{"start":{"line":30,"column":6},"end":{"line":30,"column":75}},"39":{"start":{"line":33,"column":4},"end":{"line":37,"column":5}},"40":{"start":{"line":35,"column":6},"end":{"line":35,"column":68}},"41":{"start":{"line":36,"column":6},"end":{"line":36,"column":35}},"42":{"start":{"line":0,"column":0},"end":{"line":0,"column":0},"skip":true},"43":{"start":{"line":46,"column":4},"end":{"line":46,"column":23}},"44":{"start":{"line":47,"column":4},"end":{"line":48,"column":41}},"45":{"start":{"line":0,"column":0},"end":{"line":0,"column":0},"skip":true},"46":{"start":{"line":0,"column":0},"end":{"line":0,"column":0},"skip":true},"47":{"start":{"line":62,"column":4},"end":{"line":62,"column":23}},"48":{"start":{"line":65,"column":4},"end":{"line":65,"column":11}},"49":{"start":{"line":70,"column":4},"end":{"line":70,"column":16}},"50":{"start":{"line":72,"column":4},"end":{"line":77,"column":6}},"51":{"start":{"line":73,"column":6},"end":{"line":76,"column":18}},"52":{"start":{"line":74,"column":8},"end":{"line":74,"column":19}},"53":{"start":{"line":75,"column":8},"end":{"line":75,"column":33}},"54":{"start":{"line":79,"column":4},"end":{"line":109,"column":6}},"55":{"start":{"line":80,"column":6},"end":{"line":88,"column":7}},"56":{"start":{"line":81,"column":8},"end":{"line":81,"column":50}},"57":{"start":{"line":83,"column":8},"end":{"line":86,"column":9}},"58":{"start":{"line":84,"column":10},"end":{"line":84,"column":31}},"59":{"start":{"line":85,"column":10},"end":{"line":85,"column":55}},"60":{"start":{"line":87,"column":8},"end":{"line":87,"column":21}},"61":{"start":{"line":90,"column":6},"end":{"line":90,"column":22}},"62":{"start":{"line":92,"column":6},"end":{"line":100,"column":8}},"63":{"start":{"line":93,"column":8},"end":{"line":93,"column":90}},"64":{"start":{"line":94,"column":8},"end":{"line":96,"column":9}},"65":{"start":{"line":95,"column":10},"end":{"line":95,"column":59}},"66":{"start":{"line":97,"column":8},"end":{"line":97,"column":30}},"67":{"start":{"line":98,"column":8},"end":{"line":98,"column":24}},"68":{"start":{"line":99,"column":8},"end":{"line":99,"column":34}},"69":{"start":{"line":102,"column":6},"end":{"line":106,"column":8}},"70":{"start":{"line":103,"column":8},"end":{"line":105,"column":9}},"71":{"start":{"line":104,"column":10},"end":{"line":104,"column":33}},"72":{"start":{"line":108,"column":6},"end":{"line":108,"column":16}},"73":{"start":{"line":111,"column":4},"end":{"line":111,"column":24}},"74":{"start":{"line":112,"column":4},"end":{"line":115,"column":6}},"75":{"start":{"line":113,"column":6},"end":{"line":113,"column":28}},"76":{"start":{"line":114,"column":6},"end":{"line":114,"column":17}},"77":{"start":{"line":0,"column":0},"end":{"line":0,"column":0},"skip":true},"78":{"start":{"line":122,"column":4},"end":{"line":133,"column":6}},"79":{"start":{"line":123,"column":6},"end":{"line":123,"column":14}},"80":{"start":{"line":125,"column":6},"end":{"line":130,"column":7}},"81":{"start":{"line":126,"column":8},"end":{"line":126,"column":46}},"82":{"start":{"line":127,"column":8},"end":{"line":127,"column":47}},"83":{"start":{"line":129,"column":8},"end":{"line":129,"column":29}},"84":{"start":{"line":132,"column":6},"end":{"line":132,"column":74}},"85":{"start":{"line":0,"column":0},"end":{"line":0,"column":0},"skip":true},"86":{"start":{"line":0,"column":0},"end":{"line":0,"column":0},"skip":true},"87":{"start":{"line":141,"column":4},"end":{"line":143,"column":5}},"88":{"start":{"line":142,"column":6},"end":{"line":142,"column":18}},"89":{"start":{"line":144,"column":4},"end":{"line":150,"column":7}},"90":{"start":{"line":146,"column":6},"end":{"line":148,"column":7}},"91":{"start":{"line":147,"column":8},"end":{"line":147,"column":40}},"92":{"start":{"line":149,"column":6},"end":{"line":149,"column":44}},"93":{"start":{"line":151,"column":4},"end":{"line":151,"column":16}},"94":{"start":{"line":155,"column":4},"end":{"line":157,"column":5}},"95":{"start":{"line":156,"column":6},"end":{"line":156,"column":48}},"96":{"start":{"line":159,"column":4},"end":{"line":161,"column":5}},"97":{"start":{"line":160,"column":6},"end":{"line":160,"column":46}},"98":{"start":{"line":164,"column":4},"end":{"line":164,"column":37}},"99":{"start":{"line":165,"column":4},"end":{"line":167,"column":39}},"100":{"start":{"line":0,"column":0},"end":{"line":0,"column":0},"skip":true},"101":{"start":{"line":168,"column":4},"end":{"line":168,"column":31}},"102":{"start":{"line":175,"column":4},"end":{"line":179,"column":5}},"103":{"start":{"line":176,"column":6},"end":{"line":176,"column":42}},"104":{"start":{"line":178,"column":6},"end":{"line":178,"column":37}},"105":{"start":{"line":0,"column":0},"end":{"line":0,"column":0},"skip":true},"106":{"start":{"line":186,"column":4},"end":{"line":188,"column":5}},"107":{"start":{"line":187,"column":6},"end":{"line":187,"column":79}},"108":{"start":{"line":189,"column":4},"end":{"line":199,"column":6}},"109":{"start":{"line":192,"column":8},"end":{"line":193,"column":48}},"110":{"start":{"line":0,"column":0},"end":{"line":0,"column":0},"skip":true},"111":{"start":{"line":196,"column":8},"end":{"line":197,"column":48}},"112":{"start":{"line":0,"column":0},"end":{"line":0,"column":0},"skip":true},"113":{"start":{"line":206,"column":4},"end":{"line":215,"column":5}},"114":{"start":{"line":207,"column":6},"end":{"line":207,"column":38}},"115":{"start":{"line":209,"column":6},"end":{"line":214,"column":7}},"116":{"start":{"line":211,"column":10},"end":{"line":211,"column":76}},"117":{"start":{"line":213,"column":10},"end":{"line":213,"column":77}},"118":{"start":{"line":224,"column":4},"end":{"line":224,"column":40}},"119":{"start":{"line":225,"column":4},"end":{"line":225,"column":16}},"120":{"start":{"line":234,"column":4},"end":{"line":234,"column":39}},"121":{"start":{"line":235,"column":4},"end":{"line":235,"column":16}},"122":{"start":{"line":243,"column":4},"end":{"line":243,"column":42}},"123":{"start":{"line":244,"column":4},"end":{"line":244,"column":16}},"124":{"start":{"line":0,"column":0},"end":{"line":0,"column":0},"skip":true},"125":{"start":{"line":0,"column":0},"end":{"line":0,"column":0},"skip":true}},"branchMap":{"1":{"line":7,"type":"binary-expr","locations":[{"start":{"line":0,"column":0},"end":{"line":0,"column":0},"skip":true},{"start":{"line":0,"column":0},"end":{"line":0,"column":0},"skip":true}]},"2":{"line":7,"type":"if","locations":[{"start":{"line":0,"column":0},"end":{"line":0,"column":0},"skip":true},{"start":{"line":0,"column":0},"end":{"line":0,"column":0},"skip":true}]},"3":{"line":7,"type":"if","locations":[{"start":{"line":0,"column":0},"end":{"line":0,"column":0},"skip":true},{"start":{"line":0,"column":0},"end":{"line":0,"column":0},"skip":true}]},"4":{"line":7,"type":"if","locations":[{"start":{"line":0,"column":0},"end":{"line":0,"column":0},"skip":true},{"start":{"line":0,"column":0},"end":{"line":0,"column":0},"skip":true}]},"5":{"line":9,"type":"cond-expr","locations":[{"start":{"line":0,"column":0},"end":{"line":0,"column":0},"skip":true},{"start":{"line":0,"column":0},"end":{"line":0,"column":0},"skip":true}]},"6":{"line":9,"type":"binary-expr","locations":[{"start":{"line":0,"column":0},"end":{"line":0,"column":0},"skip":true},{"start":{"line":0,"column":0},"end":{"line":0,"column":0},"skip":true}]},"7":{"line":11,"type":"if","locations":[{"start":{"line":0,"column":0},"end":{"line":0,"column":0},"skip":true},{"start":{"line":0,"column":0},"end":{"line":0,"column":0},"skip":true}]},"8":{"line":23,"type":"cond-expr","locations":[{"start":{"line":8,"column":52},"end":{"line":8,"column":74}},{"start":{"line":8,"column":77},"end":{"line":8,"column":95}}]},"9":{"line":40,"type":"binary-expr","locations":[{"start":{"line":22,"column":28},"end":{"line":22,"column":46}},{"start":{"line":22,"column":50},"end":{"line":22,"column":52}}]},"10":{"line":50,"type":"if","locations":[{"start":{"line":29,"column":4},"end":{"line":29,"column":4}},{"start":{"line":29,"column":4},"end":{"line":29,"column":4}}]},"11":{"line":54,"type":"if","locations":[{"start":{"line":33,"column":4},"end":{"line":33,"column":4}},{"start":{"line":33,"column":4},"end":{"line":33,"column":4}}]},"12":{"line":113,"type":"if","locations":[{"start":{"line":83,"column":8},"end":{"line":83,"column":8}},{"start":{"line":83,"column":8},"end":{"line":83,"column":8}}]},"13":{"line":123,"type":"cond-expr","locations":[{"start":{"line":93,"column":36},"end":{"line":93,"column":79}},{"start":{"line":93,"column":82},"end":{"line":93,"column":89}}]},"14":{"line":124,"type":"if","locations":[{"start":{"line":94,"column":8},"end":{"line":94,"column":8}},{"start":{"line":94,"column":8},"end":{"line":94,"column":8}}]},"15":{"line":133,"type":"if","locations":[{"start":{"line":103,"column":8},"end":{"line":103,"column":8}},{"start":{"line":103,"column":8},"end":{"line":103,"column":8}}]},"16":{"line":159,"type":"if","locations":[{"start":{"line":125,"column":6},"end":{"line":125,"column":6}},{"start":{"line":125,"column":6},"end":{"line":125,"column":6}}]},"17":{"line":161,"type":"binary-expr","locations":[{"start":{"line":127,"column":34},"end":{"line":127,"column":38}},{"start":{"line":127,"column":42},"end":{"line":127,"column":44}}]},"18":{"line":181,"type":"if","locations":[{"start":{"line":141,"column":4},"end":{"line":141,"column":4}},{"start":{"line":141,"column":4},"end":{"line":141,"column":4}}]},"19":{"line":186,"type":"if","locations":[{"start":{"line":146,"column":6},"end":{"line":146,"column":6}},{"start":{"line":146,"column":6},"end":{"line":146,"column":6}}]},"20":{"line":196,"type":"if","locations":[{"start":{"line":155,"column":4},"end":{"line":155,"column":4}},{"start":{"line":155,"column":4},"end":{"line":155,"column":4}}]},"21":{"line":200,"type":"if","locations":[{"start":{"line":159,"column":4},"end":{"line":159,"column":4}},{"start":{"line":159,"column":4},"end":{"line":159,"column":4}}]},"22":{"line":218,"type":"if","locations":[{"start":{"line":175,"column":4},"end":{"line":175,"column":4}},{"start":{"line":175,"column":4},"end":{"line":175,"column":4}}]},"23":{"line":218,"type":"binary-expr","locations":[{"start":{"line":175,"column":8},"end":{"line":175,"column":22}},{"start":{"line":175,"column":26},"end":{"line":175,"column":48}}]},"24":{"line":257,"type":"if","locations":[{"start":{"line":206,"column":4},"end":{"line":206,"column":4}},{"start":{"line":206,"column":4},"end":{"line":206,"column":4}}]},"25":{"line":260,"type":"switch","locations":[{"start":{"line":210,"column":8},"end":{"line":211,"column":76}},{"start":{"line":211,"column":76},"end":{"line":213,"column":77}}]}},"l":{"0":135,"4":1,"5":1,"7":1,"8":1,"9":1,"19":1,"20":61,"21":61,"22":61,"29":59,"30":1,"33":58,"35":30,"36":30,"46":58,"47":57,"62":1,"65":1,"70":1,"72":1,"73":2,"74":0,"75":0,"79":1,"80":1,"81":1,"83":0,"84":0,"85":0,"87":0,"90":1,"92":1,"93":1,"94":1,"95":1,"97":1,"98":1,"99":1,"102":1,"103":0,"104":0,"108":1,"111":1,"112":1,"113":0,"114":0,"122":135,"123":2,"125":2,"126":2,"127":2,"129":0,"132":2,"141":66,"142":32,"144":34,"146":135,"147":56,"149":135,"151":34,"155":60,"156":1,"159":60,"160":1,"164":60,"165":60,"168":60,"175":56,"176":29,"178":27,"186":30,"187":36,"189":30,"192":1,"196":0,"206":2,"207":0,"209":2,"211":2,"213":0,"224":7,"225":7,"234":8,"235":8,"243":6,"244":6}},
"/home/travis/build/stellar/js-stellar-sdk/src/account_response.js":{"path":"/home/travis/build/stellar/js-stellar-sdk/src/account_response.js","s":{"1":1,"2":1,"3":1,"4":1,"5":3,"6":3,"7":3,"8":3,"9":3,"10":3,"11":1,"12":1,"13":1,"14":1,"15":0,"16":1,"17":1,"18":1,"19":1,"20":5,"21":0,"22":1,"23":1,"24":1,"25":1,"26":1,"27":5,"28":5,"29":5,"30":5,"31":81,"32":1,"33":3,"34":5,"35":5,"36":5,"37":1,"38":1},"b":{"1":[3,3],"2":[3,0],"3":[1,0],"4":[0,1],"5":[0,1],"6":[1,1],"7":[0,5]},"f":{"1":1,"2":1,"3":1,"4":1,"5":5,"6":1,"7":5,"8":81,"9":3,"10":5,"11":5},"fnMap":{"1":{"name":"(anonymous_1)","line":7,"loc":{"start":{"line":0,"column":0},"end":{"line":0,"column":0},"skip":true},"skip":true},"2":{"name":"defineProperties","line":7,"loc":{"start":{"line":0,"column":0},"end":{"line":0,"column":0},"skip":true},"skip":true},"3":{"name":"(anonymous_3)","line":7,"loc":{"start":{"line":0,"column":0},"end":{"line":0,"column":0},"skip":true},"skip":true},"4":{"name":"_interopRequireDefault","line":9,"loc":{"start":{"line":0,"column":0},"end":{"line":0,"column":0},"skip":true},"skip":true},"5":{"name":"_classCallCheck","line":11,"loc":{"start":{"line":0,"column":0},"end":{"line":0,"column":0},"skip":true},"skip":true},"6":{"name":"(anonymous_6)","line":31,"loc":{"start":{"line":15,"column":28},"end":{"line":15,"column":28}}},"7":{"name":"AccountResponse","line":32,"loc":{"start":{"line":16,"column":15},"end":{"line":16,"column":26}}},"8":{"name":"(anonymous_8)","line":39,"loc":{"start":{"line":19,"column":24},"end":{"line":19,"column":40}}},"9":{"name":"accountId","line":51,"loc":{"start":{"line":28,"column":13},"end":{"line":28,"column":16}}},"10":{"name":"sequenceNumber","line":60,"loc":{"start":{"line":35,"column":18},"end":{"line":35,"column":21}}},"11":{"name":"incrementSequenceNumber","line":69,"loc":{"start":{"line":42,"column":27},"end":{"line":42,"column":30}}}},"statementMap":{"1":{"start":{"line":0,"column":0},"end":{"line":0,"column":0},"skip":true},"2":{"start":{"line":0,"column":0},"end":{"line":0,"column":0},"skip":true},"3":{"start":{"line":0,"column":0},"end":{"line":0,"column":0},"skip":true},"4":{"start":{"line":0,"column":0},"end":{"line":0,"column":0},"skip":true},"5":{"start":{"line":0,"column":0},"end":{"line":0,"column":0},"skip":true},"6":{"start":{"line":0,"column":0},"end":{"line":0,"column":0},"skip":true},"7":{"start":{"line":0,"column":0},"end":{"line":0,"column":0},"skip":true},"8":{"start":{"line":0,"column":0},"end":{"line":0,"column":0},"skip":true},"9":{"start":{"line":0,"column":0},"end":{"line":0,"column":0},"skip":true},"10":{"start":{"line":0,"column":0},"end":{"line":0,"column":0},"skip":true},"11":{"start":{"line":0,"column":0},"end":{"line":0,"column":0},"skip":true},"12":{"start":{"line":0,"column":0},"end":{"line":0,"column":0},"skip":true},"13":{"start":{"line":0,"column":0},"end":{"line":0,"column":0},"skip":true},"14":{"start":{"line":0,"column":0},"end":{"line":0,"column":0},"skip":true},"15":{"start":{"line":0,"column":0},"end":{"line":0,"column":0},"skip":true},"16":{"start":{"line":0,"column":0},"end":{"line":0,"column":0},"skip":true},"17":{"start":{"line":0,"column":0},"end":{"line":0,"column":0},"skip":true},"18":{"start":{"line":0,"column":0},"end":{"line":0,"column":0},"skip":true},"19":{"start":{"line":0,"column":0},"end":{"line":0,"column":0},"skip":true},"20":{"start":{"line":0,"column":0},"end":{"line":0,"column":0},"skip":true},"21":{"start":{"line":0,"column":0},"end":{"line":0,"column":0},"skip":true},"22":{"start":{"line":0,"column":0},"end":{"line":0,"column":0},"skip":true},"23":{"start":{"line":0,"column":0},"end":{"line":0,"column":0},"skip":true},"24":{"start":{"line":0,"column":0},"end":{"line":0,"column":0},"skip":true},"25":{"start":{"line":0,"column":0},"end":{"line":0,"column":0},"skip":true},"26":{"start":{"line":16,"column":15},"end":{"line":22,"column":5}},"27":{"start":{"line":0,"column":0},"end":{"line":0,"column":0},"skip":true},"28":{"start":{"line":0,"column":0},"end":{"line":0,"column":0},"skip":true},"29":{"start":{"line":17,"column":8},"end":{"line":17,"column":84}},"30":{"start":{"line":19,"column":8},"end":{"line":21,"column":11}},"31":{"start":{"line":20,"column":12},"end":{"line":20,"column":30}},"32":{"start":{"line":0,"column":0},"end":{"line":0,"column":0},"skip":true},"33":{"start":{"line":29,"column":8},"end":{"line":29,"column":45}},"34":{"start":{"line":36,"column":8},"end":{"line":36,"column":50}},"35":{"start":{"line":43,"column":8},"end":{"line":43,"column":52}},"36":{"start":{"line":44,"column":8},"end":{"line":44,"column":59}},"37":{"start":{"line":0,"column":0},"end":{"line":0,"column":0},"skip":true},"38":{"start":{"line":0,"column":0},"end":{"line":0,"column":0},"skip":true}},"branchMap":{"1":{"line":7,"type":"binary-expr","locations":[{"start":{"line":0,"column":0},"end":{"line":0,"column":0},"skip":true},{"start":{"line":0,"column":0},"end":{"line":0,"column":0},"skip":true}]},"2":{"line":7,"type":"if","locations":[{"start":{"line":0,"column":0},"end":{"line":0,"column":0},"skip":true},{"start":{"line":0,"column":0},"end":{"line":0,"column":0},"skip":true}]},"3":{"line":7,"type":"if","locations":[{"start":{"line":0,"column":0},"end":{"line":0,"column":0},"skip":true},{"start":{"line":0,"column":0},"end":{"line":0,"column":0},"skip":true}]},"4":{"line":7,"type":"if","locations":[{"start":{"line":0,"column":0},"end":{"line":0,"column":0},"skip":true},{"start":{"line":0,"column":0},"end":{"line":0,"column":0},"skip":true}]},"5":{"line":9,"type":"cond-expr","locations":[{"start":{"line":0,"column":0},"end":{"line":0,"column":0},"skip":true},{"start":{"line":0,"column":0},"end":{"line":0,"column":0},"skip":true}]},"6":{"line":9,"type":"binary-expr","locations":[{"start":{"line":0,"column":0},"end":{"line":0,"column":0},"skip":true},{"start":{"line":0,"column":0},"end":{"line":0,"column":0},"skip":true}]},"7":{"line":11,"type":"if","locations":[{"start":{"line":0,"column":0},"end":{"line":0,"column":0},"skip":true},{"start":{"line":0,"column":0},"end":{"line":0,"column":0},"skip":true}]}},"l":{"0":5,"16":1,"17":5,"19":5,"20":81,"29":3,"36":5,"43":5,"44":5}},
"/home/travis/build/stellar/js-stellar-sdk/src/ledger_call_builder.js":{"path":"/home/travis/build/stellar/js-stellar-sdk/src/ledger_call_builder.js","s":{"1":1,"2":1,"3":1,"4":1,"5":1,"6":1,"7":1,"8":1,"9":1,"10":1,"11":1,"12":1,"13":1,"14":1,"15":0,"16":1,"17":1,"18":7,"19":7,"20":7,"21":7,"22":7,"23":7,"24":0,"25":7,"26":7,"27":0,"28":0,"29":0,"30":0,"31":0,"32":0,"33":0,"34":0,"35":0,"36":7,"37":7,"38":0,"39":0,"40":0,"41":0,"42":1,"43":7,"44":0,"45":1,"46":1,"47":0,"48":1,"49":1,"50":1,"51":1,"52":1,"53":1,"54":1,"55":7,"56":7,"57":7,"58":1,"59":3,"60":3,"61":1,"62":1},"b":{"1":[1,1],"2":[1,0],"3":[1,0],"4":[0,1],"5":[0,7],"6":[0,7],"7":[0,0],"8":[7,0],"9":[0,0],"10":[0,7],"11":[0,1],"12":[1,0],"13":[1,1],"14":[1,0],"15":[1,0]},"f":{"1":1,"2":1,"3":1,"4":7,"5":7,"6":1,"7":1,"8":7,"9":3},"fnMap":{"1":{"name":"(anonymous_1)","line":7,"loc":{"start":{"line":0,"column":0},"end":{"line":0,"column":0},"skip":true},"skip":true},"2":{"name":"defineProperties","line":7,"loc":{"start":{"line":0,"column":0},"end":{"line":0,"column":0},"skip":true},"skip":true},"3":{"name":"(anonymous_3)","line":7,"loc":{"start":{"line":0,"column":0},"end":{"line":0,"column":0},"skip":true},"skip":true},"4":{"name":"get","line":9,"loc":{"start":{"line":0,"column":0},"end":{"line":0,"column":0},"skip":true},"skip":true},"5":{"name":"_classCallCheck","line":11,"loc":{"start":{"line":0,"column":0},"end":{"line":0,"column":0},"skip":true},"skip":true},"6":{"name":"_inherits","line":13,"loc":{"start":{"line":0,"column":0},"end":{"line":0,"column":0},"skip":true},"skip":true},"7":{"name":"(anonymous_7)","line":17,"loc":{"start":{"line":3,"column":30},"end":{"line":3,"column":30}}},"8":{"name":"LedgerCallBuilder","line":30,"loc":{"start":{"line":13,"column":15},"end":{"line":13,"column":27}}},"9":{"name":"ledger","line":45,"loc":{"start":{"line":23,"column":10},"end":{"line":23,"column":21}}}},"statementMap":{"1":{"start":{"line":0,"column":0},"end":{"line":0,"column":0},"skip":true},"2":{"start":{"line":0,"column":0},"end":{"line":0,"column":0},"skip":true},"3":{"start":{"line":0,"column":0},"end":{"line":0,"column":0},"skip":true},"4":{"start":{"line":0,"column":0},"end":{"line":0,"column":0},"skip":true},"5":{"start":{"line":0,"column":0},"end":{"line":0,"column":0},"skip":true},"6":{"start":{"line":0,"column":0},"end":{"line":0,"column":0},"skip":true},"7":{"start":{"line":0,"column":0},"end":{"line":0,"column":0},"skip":true},"8":{"start":{"line":0,"column":0},"end":{"line":0,"column":0},"skip":true},"9":{"start":{"line":0,"column":0},"end":{"line":0,"column":0},"skip":true},"10":{"start":{"line":0,"column":0},"end":{"line":0,"column":0},"skip":true},"11":{"start":{"line":0,"column":0},"end":{"line":0,"column":0},"skip":true},"12":{"start":{"line":0,"column":0},"end":{"line":0,"column":0},"skip":true},"13":{"start":{"line":0,"column":0},"end":{"line":0,"column":0},"skip":true},"14":{"start":{"line":0,"column":0},"end":{"line":0,"column":0},"skip":true},"15":{"start":{"line":0,"column":0},"end":{"line":0,"column":0},"skip":true},"16":{"start":{"line":0,"column":0},"end":{"line":0,"column":0},"skip":true},"17":{"start":{"line":0,"column":0},"end":{"line":0,"column":0},"skip":true},"18":{"start":{"line":0,"column":0},"end":{"line":0,"column":0},"skip":true},"19":{"start":{"line":0,"column":0},"end":{"line":0,"column":0},"skip":true},"20":{"start":{"line":0,"column":0},"end":{"line":0,"column":0},"skip":true},"21":{"start":{"line":0,"column":0},"end":{"line":0,"column":0},"skip":true},"22":{"start":{"line":0,"column":0},"end":{"line":0,"column":0},"skip":true},"23":{"start":{"line":0,"column":0},"end":{"line":0,"column":0},"skip":true},"24":{"start":{"line":0,"column":0},"end":{"line":0,"column":0},"skip":true},"25":{"start":{"line":0,"column":0},"end":{"line":0,"column":0},"skip":true},"26":{"start":{"line":0,"column":0},"end":{"line":0,"column":0},"skip":true},"27":{"start":{"line":0,"column":0},"end":{"line":0,"column":0},"skip":true},"28":{"start":{"line":0,"column":0},"end":{"line":0,"column":0},"skip":true},"29":{"start":{"line":0,"column":0},"end":{"line":0,"column":0},"skip":true},"30":{"start":{"line":0,"column":0},"end":{"line":0,"column":0},"skip":true},"31":{"start":{"line":0,"column":0},"end":{"line":0,"column":0},"skip":true},"32":{"start":{"line":0,"column":0},"end":{"line":0,"column":0},"skip":true},"33":{"start":{"line":0,"column":0},"end":{"line":0,"column":0},"skip":true},"34":{"start":{"line":0,"column":0},"end":{"line":0,"column":0},"skip":true},"35":{"start":{"line":0,"column":0},"end":{"line":0,"column":0},"skip":true},"36":{"start":{"line":0,"column":0},"end":{"line":0,"column":0},"skip":true},"37":{"start":{"line":0,"column":0},"end":{"line":0,"column":0},"skip":true},"38":{"start":{"line":0,"column":0},"end":{"line":0,"column":0},"skip":true},"39":{"start":{"line":0,"column":0},"end":{"line":0,"column":0},"skip":true},"40":{"start":{"line":0,"column":0},"end":{"line":0,"column":0},"skip":true},"41":{"start":{"line":0,"column":0},"end":{"line":0,"column":0},"skip":true},"42":{"start":{"line":0,"column":0},"end":{"line":0,"column":0},"skip":true},"43":{"start":{"line":0,"column":0},"end":{"line":0,"column":0},"skip":true},"44":{"start":{"line":0,"column":0},"end":{"line":0,"column":0},"skip":true},"45":{"start":{"line":0,"column":0},"end":{"line":0,"column":0},"skip":true},"46":{"start":{"line":0,"column":0},"end":{"line":0,"column":0},"skip":true},"47":{"start":{"line":0,"column":0},"end":{"line":0,"column":0},"skip":true},"48":{"start":{"line":0,"column":0},"end":{"line":0,"column":0},"skip":true},"49":{"start":{"line":0,"column":0},"end":{"line":0,"column":0},"skip":true},"50":{"start":{"line":0,"column":0},"end":{"line":0,"column":0},"skip":true},"51":{"start":{"line":0,"column":0},"end":{"line":0,"column":0},"skip":true},"52":{"start":{"line":0,"column":0},"end":{"line":0,"column":0},"skip":true},"53":{"start":{"line":0,"column":0},"end":{"line":0,"column":0},"skip":true},"54":{"start":{"line":13,"column":15},"end":{"line":16,"column":5}},"55":{"start":{"line":0,"column":0},"end":{"line":0,"column":0},"skip":true},"56":{"start":{"line":14,"column":8},"end":{"line":14,"column":25}},"57":{"start":{"line":15,"column":8},"end":{"line":15,"column":36}},"58":{"start":{"line":0,"column":0},"end":{"line":0,"column":0},"skip":true},"59":{"start":{"line":24,"column":8},"end":{"line":24,"column":59}},"60":{"start":{"line":25,"column":8},"end":{"line":25,"column":20}},"61":{"start":{"line":0,"column":0},"end":{"line":0,"column":0},"skip":true},"62":{"start":{"line":0,"column":0},"end":{"line":0,"column":0},"skip":true}},"branchMap":{"1":{"line":7,"type":"binary-expr","locations":[{"start":{"line":0,"column":0},"end":{"line":0,"column":0},"skip":true},{"start":{"line":0,"column":0},"end":{"line":0,"column":0},"skip":true}]},"2":{"line":7,"type":"if","locations":[{"start":{"line":0,"column":0},"end":{"line":0,"column":0},"skip":true},{"start":{"line":0,"column":0},"end":{"line":0,"column":0},"skip":true}]},"3":{"line":7,"type":"if","locations":[{"start":{"line":0,"column":0},"end":{"line":0,"column":0},"skip":true},{"start":{"line":0,"column":0},"end":{"line":0,"column":0},"skip":true}]},"4":{"line":7,"type":"if","locations":[{"start":{"line":0,"column":0},"end":{"line":0,"column":0},"skip":true},{"start":{"line":0,"column":0},"end":{"line":0,"column":0},"skip":true}]},"5":{"line":9,"type":"if","locations":[{"start":{"line":0,"column":0},"end":{"line":0,"column":0},"skip":true},{"start":{"line":0,"column":0},"end":{"line":0,"column":0},"skip":true}]},"6":{"line":9,"type":"if","locations":[{"start":{"line":0,"column":0},"end":{"line":0,"column":0},"skip":true},{"start":{"line":0,"column":0},"end":{"line":0,"column":0},"skip":true}]},"7":{"line":9,"type":"if","locations":[{"start":{"line":0,"column":0},"end":{"line":0,"column":0},"skip":true},{"start":{"line":0,"column":0},"end":{"line":0,"column":0},"skip":true}]},"8":{"line":9,"type":"if","locations":[{"start":{"line":0,"column":0},"end":{"line":0,"column":0},"skip":true},{"start":{"line":0,"column":0},"end":{"line":0,"column":0},"skip":true}]},"9":{"line":9,"type":"if","locations":[{"start":{"line":0,"column":0},"end":{"line":0,"column":0},"skip":true},{"start":{"line":0,"column":0},"end":{"line":0,"column":0},"skip":true}]},"10":{"line":11,"type":"if","locations":[{"start":{"line":0,"column":0},"end":{"line":0,"column":0},"skip":true},{"start":{"line":0,"column":0},"end":{"line":0,"column":0},"skip":true}]},"11":{"line":13,"type":"if","locations":[{"start":{"line":0,"column":0},"end":{"line":0,"column":0},"skip":true},{"start":{"line":0,"column":0},"end":{"line":0,"column":0},"skip":true}]},"12":{"line":13,"type":"binary-expr","locations":[{"start":{"line":0,"column":0},"end":{"line":0,"column":0},"skip":true},{"start":{"line":0,"column":0},"end":{"line":0,"column":0},"skip":true}]},"13":{"line":13,"type":"binary-expr","locations":[{"start":{"line":0,"column":0},"end":{"line":0,"column":0},"skip":true},{"start":{"line":0,"column":0},"end":{"line":0,"column":0},"skip":true}]},"14":{"line":13,"type":"if","locations":[{"start":{"line":0,"column":0},"end":{"line":0,"column":0},"skip":true},{"start":{"line":0,"column":0},"end":{"line":0,"column":0},"skip":true}]},"15":{"line":13,"type":"cond-expr","locations":[{"start":{"line":0,"column":0},"end":{"line":0,"column":0},"skip":true},{"start":{"line":0,"column":0},"end":{"line":0,"column":0},"skip":true}]}},"l":{"0":7,"13":1,"14":7,"15":7,"24":3,"25":3}},
"/home/travis/build/stellar/js-stellar-sdk/src/transaction_call_builder.js":{"path":"/home/travis/build/stellar/js-stellar-sdk/src/transaction_call_builder.js","s":{"1":1,"2":1,"3":1,"4":1,"5":3,"6":3,"7":3,"8":3,"9":3,"10":3,"11":1,"12":1,"13":1,"14":1,"15":0,"16":1,"17":1,"18":11,"19":11,"20":11,"21":11,"22":11,"23":11,"24":0,"25":11,"26":11,"27":0,"28":0,"29":0,"30":0,"31":0,"32":0,"33":0,"34":0,"35":0,"36":11,"37":11,"38":0,"39":0,"40":0,"41":0,"42":1,"43":11,"44":0,"45":1,"46":1,"47":0,"48":1,"49":1,"50":1,"51":1,"52":1,"53":1,"54":1,"55":11,"56":11,"57":11,"58":1,"59":3,"60":3,"61":3,"62":3,"63":2,"64":1,"65":2,"66":2,"67":1,"68":1},"b":{"1":[3,3],"2":[3,0],"3":[1,0],"4":[0,1],"5":[0,11],"6":[0,11],"7":[0,0],"8":[11,0],"9":[0,0],"10":[0,11],"11":[0,1],"12":[1,0],"13":[1,1],"14":[1,0],"15":[1,0],"16":[1,1]},"f":{"1":1,"2":1,"3":1,"4":11,"5":11,"6":1,"7":1,"8":11,"9":3,"10":3,"11":2},"fnMap":{"1":{"name":"(anonymous_1)","line":7,"loc":{"start":{"line":0,"column":0},"end":{"line":0,"column":0},"skip":true},"skip":true},"2":{"name":"defineProperties","line":7,"loc":{"start":{"line":0,"column":0},"end":{"line":0,"column":0},"skip":true},"skip":true},"3":{"name":"(anonymous_3)","line":7,"loc":{"start":{"line":0,"column":0},"end":{"line":0,"column":0},"skip":true},"skip":true},"4":{"name":"get","line":9,"loc":{"start":{"line":0,"column":0},"end":{"line":0,"column":0},"skip":true},"skip":true},"5":{"name":"_classCallCheck","line":11,"loc":{"start":{"line":0,"column":0},"end":{"line":0,"column":0},"skip":true},"skip":true},"6":{"name":"_inherits","line":13,"loc":{"start":{"line":0,"column":0},"end":{"line":0,"column":0},"skip":true},"skip":true},"7":{"name":"(anonymous_7)","line":17,"loc":{"start":{"line":3,"column":35},"end":{"line":3,"column":35}}},"8":{"name":"TransactionCallBuilder","line":30,"loc":{"start":{"line":13,"column":15},"end":{"line":13,"column":27}}},"9":{"name":"transaction","line":46,"loc":{"start":{"line":24,"column":15},"end":{"line":24,"column":31}}},"10":{"name":"forAccount","line":59,"loc":{"start":{"line":35,"column":14},"end":{"line":35,"column":26}}},"11":{"name":"forLedger","line":72,"loc":{"start":{"line":46,"column":13},"end":{"line":46,"column":24}}}},"statementMap":{"1":{"start":{"line":0,"column":0},"end":{"line":0,"column":0},"skip":true},"2":{"start":{"line":0,"column":0},"end":{"line":0,"column":0},"skip":true},"3":{"start":{"line":0,"column":0},"end":{"line":0,"column":0},"skip":true},"4":{"start":{"line":0,"column":0},"end":{"line":0,"column":0},"skip":true},"5":{"start":{"line":0,"column":0},"end":{"line":0,"column":0},"skip":true},"6":{"start":{"line":0,"column":0},"end":{"line":0,"column":0},"skip":true},"7":{"start":{"line":0,"column":0},"end":{"line":0,"column":0},"skip":true},"8":{"start":{"line":0,"column":0},"end":{"line":0,"column":0},"skip":true},"9":{"start":{"line":0,"column":0},"end":{"line":0,"column":0},"skip":true},"10":{"start":{"line":0,"column":0},"end":{"line":0,"column":0},"skip":true},"11":{"start":{"line":0,"column":0},"end":{"line":0,"column":0},"skip":true},"12":{"start":{"line":0,"column":0},"end":{"line":0,"column":0},"skip":true},"13":{"start":{"line":0,"column":0},"end":{"line":0,"column":0},"skip":true},"14":{"start":{"line":0,"column":0},"end":{"line":0,"column":0},"skip":true},"15":{"start":{"line":0,"column":0},"end":{"line":0,"column":0},"skip":true},"16":{"start":{"line":0,"column":0},"end":{"line":0,"column":0},"skip":true},"17":{"start":{"line":0,"column":0},"end":{"line":0,"column":0},"skip":true},"18":{"start":{"line":0,"column":0},"end":{"line":0,"column":0},"skip":true},"19":{"start":{"line":0,"column":0},"end":{"line":0,"column":0},"skip":true},"20":{"start":{"line":0,"column":0},"end":{"line":0,"column":0},"skip":true},"21":{"start":{"line":0,"column":0},"end":{"line":0,"column":0},"skip":true},"22":{"start":{"line":0,"column":0},"end":{"line":0,"column":0},"skip":true},"23":{"start":{"line":0,"column":0},"end":{"line":0,"column":0},"skip":true},"24":{"start":{"line":0,"column":0},"end":{"line":0,"column":0},"skip":true},"25":{"start":{"line":0,"column":0},"end":{"line":0,"column":0},"skip":true},"26":{"start":{"line":0,"column":0},"end":{"line":0,"column":0},"skip":true},"27":{"start":{"line":0,"column":0},"end":{"line":0,"column":0},"skip":true},"28":{"start":{"line":0,"column":0},"end":{"line":0,"column":0},"skip":true},"29":{"start":{"line":0,"column":0},"end":{"line":0,"column":0},"skip":true},"30":{"start":{"line":0,"column":0},"end":{"line":0,"column":0},"skip":true},"31":{"start":{"line":0,"column":0},"end":{"line":0,"column":0},"skip":true},"32":{"start":{"line":0,"column":0},"end":{"line":0,"column":0},"skip":true},"33":{"start":{"line":0,"column":0},"end":{"line":0,"column":0},"skip":true},"34":{"start":{"line":0,"column":0},"end":{"line":0,"column":0},"skip":true},"35":{"start":{"line":0,"column":0},"end":{"line":0,"column":0},"skip":true},"36":{"start":{"line":0,"column":0},"end":{"line":0,"column":0},"skip":true},"37":{"start":{"line":0,"column":0},"end":{"line":0,"column":0},"skip":true},"38":{"start":{"line":0,"column":0},"end":{"line":0,"column":0},"skip":true},"39":{"start":{"line":0,"column":0},"end":{"line":0,"column":0},"skip":true},"40":{"start":{"line":0,"column":0},"end":{"line":0,"column":0},"skip":true},"41":{"start":{"line":0,"column":0},"end":{"line":0,"column":0},"skip":true},"42":{"start":{"line":0,"column":0},"end":{"line":0,"column":0},"skip":true},"43":{"start":{"line":0,"column":0},"end":{"line":0,"column":0},"skip":true},"44":{"start":{"line":0,"column":0},"end":{"line":0,"column":0},"skip":true},"45":{"start":{"line":0,"column":0},"end":{"line":0,"column":0},"skip":true},"46":{"start":{"line":0,"column":0},"end":{"line":0,"column":0},"skip":true},"47":{"start":{"line":0,"column":0},"end":{"line":0,"column":0},"skip":true},"48":{"start":{"line":0,"column":0},"end":{"line":0,"column":0},"skip":true},"49":{"start":{"line":0,"column":0},"end":{"line":0,"column":0},"skip":true},"50":{"start":{"line":0,"column":0},"end":{"line":0,"column":0},"skip":true},"51":{"start":{"line":0,"column":0},"end":{"line":0,"column":0},"skip":true},"52":{"start":{"line":0,"column":0},"end":{"line":0,"column":0},"skip":true},"53":{"start":{"line":0,"column":0},"end":{"line":0,"column":0},"skip":true},"54":{"start":{"line":13,"column":15},"end":{"line":16,"column":5}},"55":{"start":{"line":0,"column":0},"end":{"line":0,"column":0},"skip":true},"56":{"start":{"line":14,"column":8},"end":{"line":14,"column":25}},"57":{"start":{"line":15,"column":8},"end":{"line":15,"column":41}},"58":{"start":{"line":0,"column":0},"end":{"line":0,"column":0},"skip":true},"59":{"start":{"line":25,"column":8},"end":{"line":25,"column":58}},"60":{"start":{"line":26,"column":8},"end":{"line":26,"column":20}},"61":{"start":{"line":36,"column":8},"end":{"line":36,"column":66}},"62":{"start":{"line":37,"column":8},"end":{"line":37,"column":20}},"63":{"start":{"line":47,"column":8},"end":{"line":49,"column":9}},"64":{"start":{"line":48,"column":12},"end":{"line":48,"column":43}},"65":{"start":{"line":50,"column":8},"end":{"line":50,"column":64}},"66":{"start":{"line":51,"column":8},"end":{"line":51,"column":20}},"67":{"start":{"line":0,"column":0},"end":{"line":0,"column":0},"skip":true},"68":{"start":{"line":0,"column":0},"end":{"line":0,"column":0},"skip":true}},"branchMap":{"1":{"line":7,"type":"binary-expr","locations":[{"start":{"line":0,"column":0},"end":{"line":0,"column":0},"skip":true},{"start":{"line":0,"column":0},"end":{"line":0,"column":0},"skip":true}]},"2":{"line":7,"type":"if","locations":[{"start":{"line":0,"column":0},"end":{"line":0,"column":0},"skip":true},{"start":{"line":0,"column":0},"end":{"line":0,"column":0},"skip":true}]},"3":{"line":7,"type":"if","locations":[{"start":{"line":0,"column":0},"end":{"line":0,"column":0},"skip":true},{"start":{"line":0,"column":0},"end":{"line":0,"column":0},"skip":true}]},"4":{"line":7,"type":"if","locations":[{"start":{"line":0,"column":0},"end":{"line":0,"column":0},"skip":true},{"start":{"line":0,"column":0},"end":{"line":0,"column":0},"skip":true}]},"5":{"line":9,"type":"if","locations":[{"start":{"line":0,"column":0},"end":{"line":0,"column":0},"skip":true},{"start":{"line":0,"column":0},"end":{"line":0,"column":0},"skip":true}]},"6":{"line":9,"type":"if","locations":[{"start":{"line":0,"column":0},"end":{"line":0,"column":0},"skip":true},{"start":{"line":0,"column":0},"end":{"line":0,"column":0},"skip":true}]},"7":{"line":9,"type":"if","locations":[{"start":{"line":0,"column":0},"end":{"line":0,"column":0},"skip":true},{"start":{"line":0,"column":0},"end":{"line":0,"column":0},"skip":true}]},"8":{"line":9,"type":"if","locations":[{"start":{"line":0,"column":0},"end":{"line":0,"column":0},"skip":true},{"start":{"line":0,"column":0},"end":{"line":0,"column":0},"skip":true}]},"9":{"line":9,"type":"if","locations":[{"start":{"line":0,"column":0},"end":{"line":0,"column":0},"skip":true},{"start":{"line":0,"column":0},"end":{"line":0,"column":0},"skip":true}]},"10":{"line":11,"type":"if","locations":[{"start":{"line":0,"column":0},"end":{"line":0,"column":0},"skip":true},{"start":{"line":0,"column":0},"end":{"line":0,"column":0},"skip":true}]},"11":{"line":13,"type":"if","locations":[{"start":{"line":0,"column":0},"end":{"line":0,"column":0},"skip":true},{"start":{"line":0,"column":0},"end":{"line":0,"column":0},"skip":true}]},"12":{"line":13,"type":"binary-expr","locations":[{"start":{"line":0,"column":0},"end":{"line":0,"column":0},"skip":true},{"start":{"line":0,"column":0},"end":{"line":0,"column":0},"skip":true}]},"13":{"line":13,"type":"binary-expr","locations":[{"start":{"line":0,"column":0},"end":{"line":0,"column":0},"skip":true},{"start":{"line":0,"column":0},"end":{"line":0,"column":0},"skip"
[...]
38":{"start":{"line":0,"column":0},"end":{"line":0,"column":0},"skip":true},"39":{"start":{"line":0,"column":0},"end":{"line":0,"column":0},"skip":true},"40":{"start":{"line":0,"column":0},"end":{"line":0,"column":0},"skip":true},"41":{"start":{"line":0,"column":0},"end":{"line":0,"column":0},"skip":true},"42":{"start":{"line":0,"column":0},"end":{"line":0,"column":0},"skip":true},"43":{"start":{"line":0,"column":0},"end":{"line":0,"column":0},"skip":true},"44":{"start":{"line":0,"column":0},"end":{"line":0,"column":0},"skip":true},"45":{"start":{"line":0,"column":0},"end":{"line":0,"column":0},"skip":true},"46":{"start":{"line":0,"column":0},"end":{"line":0,"column":0},"skip":true},"47":{"start":{"line":0,"column":0},"end":{"line":0,"column":0},"skip":true},"48":{"start":{"line":0,"column":0},"end":{"line":0,"column":0},"skip":true},"49":{"start":{"line":0,"column":0},"end":{"line":0,"column":0},"skip":true},"50":{"start":{"line":0,"column":0},"end":{"line":0,"column":0},"skip":true},"51":{"start":{"line":0,"column":0},"end":{"line":0,"column":0},"skip":true},"52":{"start":{"line":0,"column":0},"end":{"line":0,"column":0},"skip":true},"53":{"start":{"line":0,"column":0},"end":{"line":0,"column":0},"skip":true},"54":{"start":{"line":0,"column":0},"end":{"line":0,"column":0},"skip":true},"55":{"start":{"line":0,"column":0},"end":{"line":0,"column":0},"skip":true},"56":{"start":{"line":0,"column":0},"end":{"line":0,"column":0},"skip":true},"57":{"start":{"line":0,"column":0},"end":{"line":0,"column":0},"skip":true},"58":{"start":{"line":0,"column":0},"end":{"line":0,"column":0},"skip":true},"59":{"start":{"line":0,"column":0},"end":{"line":0,"column":0},"skip":true},"60":{"start":{"line":0,"column":0},"end":{"line":0,"column":0},"skip":true},"61":{"start":{"line":12,"column":7},"end":{"line":12,"column":55}},"62":{"start":{"line":0,"column":0},"end":{"line":0,"column":0},"skip":true},"63":{"start":{"line":0,"column":0},"end":{"line":0,"column":0},"skip":true},"64":{"start":{"line":25,"column":13},"end":{"line":38,"column":3}},"65":{"start":{"line":0,"column":0},"end":{"line":0,"column":0},"skip":true},"66":{"start":{"line":0,"column":0},"end":{"line":0,"column":0},"skip":true},"67":{"start":{"line":27,"column":4},"end":{"line":27,"column":36}},"68":{"start":{"line":28,"column":4},"end":{"line":28,"column":25}},"69":{"start":{"line":30,"column":4},"end":{"line":30,"column":41}},"70":{"start":{"line":31,"column":4},"end":{"line":33,"column":5}},"71":{"start":{"line":32,"column":8},"end":{"line":32,"column":35}},"72":{"start":{"line":35,"column":4},"end":{"line":37,"column":5}},"73":{"start":{"line":36,"column":6},"end":{"line":36,"column":70}},"74":{"start":{"line":0,"column":0},"end":{"line":0,"column":0},"skip":true},"75":{"start":{"line":131,"column":4},"end":{"line":136,"column":5}},"76":{"start":{"line":132,"column":6},"end":{"line":134,"column":7}},"77":{"start":{"line":133,"column":8},"end":{"line":133,"column":187}},"78":{"start":{"line":135,"column":6},"end":{"line":135,"column":44}},"79":{"start":{"line":137,"column":4},"end":{"line":137,"column":63}},"80":{"start":{"line":138,"column":4},"end":{"line":138,"column":34}},"81":{"start":{"line":148,"column":4},"end":{"line":148,"column":63}},"82":{"start":{"line":149,"column":4},"end":{"line":149,"column":34}},"83":{"start":{"line":159,"column":4},"end":{"line":159,"column":69}},"84":{"start":{"line":160,"column":4},"end":{"line":160,"column":34}},"85":{"start":{"line":164,"column":4},"end":{"line":181,"column":9}},"86":{"start":{"line":166,"column":8},"end":{"line":168,"column":9}},"87":{"start":{"line":167,"column":10},"end":{"line":167,"column":65}},"88":{"start":{"line":169,"column":8},"end":{"line":169,"column":29}},"89":{"start":{"line":172,"column":8},"end":{"line":180,"column":9}},"90":{"start":{"line":173,"column":10},"end":{"line":177,"column":11}},"91":{"start":{"line":174,"column":12},"end":{"line":174,"column":107}},"92":{"start":{"line":176,"column":12},"end":{"line":176,"column":44}},"93":{"start":{"line":179,"column":10},"end":{"line":179,"column":153}},"94":{"start":{"line":0,"column":0},"end":{"line":0,"column":0},"skip":true},"95":{"start":{"line":78,"column":4},"end":{"line":93,"column":5}},"96":{"start":{"line":79,"column":6},"end":{"line":83,"column":7}},"97":{"start":{"line":80,"column":8},"end":{"line":80,"column":63}},"98":{"start":{"line":82,"column":8},"end":{"line":82,"column":52}},"99":{"start":{"line":85,"column":6},"end":{"line":85,"column":42}},"100":{"start":{"line":0,"column":0},"end":{"line":0,"column":0},"skip":true},"101":{"start":{"line":0,"column":0},"end":{"line":0,"column":0},"skip":true},"102":{"start":{"line":88,"column":6},"end":{"line":90,"column":7}},"103":{"start":{"line":89,"column":8},"end":{"line":89,"column":68}},"104":{"start":{"line":91,"column":6},"end":{"line":92,"column":74}},"105":{"start":{"line":0,"column":0},"end":{"line":0,"column":0},"skip":true},"106":{"start":{"line":0,"column":0},"end":{"line":0,"column":0},"skip":true},"107":{"start":{"line":115,"column":4},"end":{"line":121,"column":9}},"108":{"start":{"line":117,"column":8},"end":{"line":119,"column":9}},"109":{"start":{"line":118,"column":10},"end":{"line":118,"column":100}},"110":{"start":{"line":120,"column":8},"end":{"line":120,"column":80}},"111":{"start":{"line":0,"column":0},"end":{"line":0,"column":0},"skip":true},"112":{"start":{"line":0,"column":0},"end":{"line":0,"column":0},"skip":true}},"branchMap":{"1":{"line":7,"type":"if","locations":[{"start":{"line":0,"column":0},"end":{"line":0,"column":0},"skip":true},{"start":{"line":0,"column":0},"end":{"line":0,"column":0},"skip":true}]},"2":{"line":7,"type":"binary-expr","locations":[{"start":{"line":0,"column":0},"end":{"line":0,"column":0},"skip":true},{"start":{"line":0,"column":0},"end":{"line":0,"column":0},"skip":true}]},"3":{"line":7,"type":"if","locations":[{"start":{"line":0,"column":0},"end":{"line":0,"column":0},"skip":true},{"start":{"line":0,"column":0},"end":{"line":0,"column":0},"skip":true}]},"4":{"line":7,"type":"binary-expr","locations":[{"start":{"line":0,"column":0},"end":{"line":0,"column":0},"skip":true},{"start":{"line":0,"column":0},"end":{"line":0,"column":0},"skip":true}]},"5":{"line":7,"type":"if","locations":[{"start":{"line":0,"column":0},"end":{"line":0,"column":0},"skip":true},{"start":{"line":0,"column":0},"end":{"line":0,"column":0},"skip":true}]},"6":{"line":7,"type":"if","locations":[{"start":{"line":0,"column":0},"end":{"line":0,"column":0},"skip":true},{"start":{"line":0,"column":0},"end":{"line":0,"column":0},"skip":true}]},"7":{"line":7,"type":"if","locations":[{"start":{"line":0,"column":0},"end":{"line":0,"column":0},"skip":true},{"start":{"line":0,"column":0},"end":{"line":0,"column":0},"skip":true}]},"8":{"line":9,"type":"binary-expr","locations":[{"start":{"line":0,"column":0},"end":{"line":0,"column":0},"skip":true},{"start":{"line":0,"column":0},"end":{"line":0,"column":0},"skip":true}]},"9":{"line":9,"type":"if","locations":[{"start":{"line":0,"column":0},"end":{"line":0,"column":0},"skip":true},{"start":{"line":0,"column":0},"end":{"line":0,"column":0},"skip":true}]},"10":{"line":9,"type":"if","locations":[{"start":{"line":0,"column":0},"end":{"line":0,"column":0},"skip":true},{"start":{"line":0,"column":0},"end":{"line":0,"column":0},"skip":true}]},"11":{"line":9,"type":"if","locations":[{"start":{"line":0,"column":0},"end":{"line":0,"column":0},"skip":true},{"start":{"line":0,"column":0},"end":{"line":0,"column":0},"skip":true}]},"12":{"line":11,"type":"cond-expr","locations":[{"start":{"line":0,"column":0},"end":{"line":0,"column":0},"skip":true},{"start":{"line":0,"column":0},"end":{"line":0,"column":0},"skip":true}]},"13":{"line":11,"type":"binary-expr","locations":[{"start":{"line":0,"column":0},"end":{"line":0,"column":0},"skip":true},{"start":{"line":0,"column":0},"end":{"line":0,"column":0},"skip":true}]},"14":{"line":13,"type":"if","locations":[{"start":{"line":0,"column":0},"end":{"line":0,"column":0},"skip":true},{"start":{"line":0,"column":0},"end":{"line":0,"column":0},"skip":true}]},"15":{"line":60,"type":"cond-expr","locations":[{"start":{"line":25,"column":40},"end":{"line":25,"column":42}},{"start":{"line":25,"column":42},"end":{"line":25,"column":42}}]},"16":{"line":60,"type":"binary-expr","locations":[{"start":{"line":25,"column":37},"end":{"line":25,"column":37}},{"start":{"line":25,"column":37},"end":{"line":25,"column":37}}]},"17":{"line":69,"type":"if","locations":[{"start":{"line":31,"column":4},"end":{"line":31,"column":4}},{"start":{"line":31,"column":4},"end":{"line":31,"column":4}}]},"18":{"line":73,"type":"if","locations":[{"start":{"line":35,"column":4},"end":{"line":35,"column":4}},{"start":{"line":35,"column":4},"end":{"line":35,"column":4}}]},"19":{"line":73,"type":"binary-expr","locations":[{"start":{"line":35,"column":8},"end":{"line":35,"column":44}},{"start":{"line":35,"column":48},"end":{"line":35,"column":58}}]},"20":{"line":125,"type":"if","locations":[{"start":{"line":131,"column":4},"end":{"line":131,"column":4}},{"start":{"line":131,"column":4},"end":{"line":131,"column":4}}]},"21":{"line":126,"type":"if","locations":[{"start":{"line":132,"column":6},"end":{"line":132,"column":6}},{"start":{"line":132,"column":6},"end":{"line":132,"column":6}}]},"22":{"line":164,"type":"if","locations":[{"start":{"line":166,"column":8},"end":{"line":166,"column":8}},{"start":{"line":166,"column":8},"end":{"line":166,"column":8}}]},"23":{"line":164,"type":"binary-expr","locations":[{"start":{"line":166,"column":12},"end":{"line":166,"column":52}},{"start":{"line":166,"column":56},"end":{"line":166,"column":93}}]},"24":{"line":169,"type":"if","locations":[{"start":{"line":172,"column":8},"end":{"line":172,"column":8}},{"start":{"line":172,"column":8},"end":{"line":172,"column":8}}]},"25":{"line":170,"type":"if","locations":[{"start":{"line":173,"column":10},"end":{"line":173,"column":10}},{"start":{"line":173,"column":10},"end":{"line":173,"column":10}}]},"26":{"line":183,"type":"cond-expr","locations":[{"start":{"line":76,"column":31},"end":{"line":76,"column":33}},{"start":{"line":76,"column":33},"end":{"line":76,"column":33}}]},"27":{"line":183,"type":"binary-expr","locations":[{"start":{"line":76,"column":28},"end":{"line":76,"column":28}},{"start":{"line":76,"column":28},"end":{"line":76,"column":28}}]},"28":{"line":186,"type":"if","locations":[{"start":{"line":78,"column":4},"end":{"line":78,"column":4}},{"start":{"line":78,"column":4},"end":{"line":78,"column":4}}]},"29":{"line":187,"type":"if","locations":[{"start":{"line":79,"column":6},"end":{"line":79,"column":6}},{"start":{"line":79,"column":6},"end":{"line":79,"column":6}}]},"30":{"line":199,"type":"if","locations":[{"start":{"line":88,"column":6},"end":{"line":88,"column":6}},{"start":{"line":88,"column":6},"end":{"line":88,"column":6}}]},"31":{"line":199,"type":"binary-expr","locations":[{"start":{"line":88,"column":10},"end":{"line":88,"column":34}},{"start":{"line":88,"column":38},"end":{"line":88,"column":45}}]},"32":{"line":229,"type":"cond-expr","locations":[{"start":{"line":114,"column":40},"end":{"line":114,"column":42}},{"start":{"line":114,"column":42},"end":{"line":114,"column":42}}]},"33":{"line":229,"type":"binary-expr","locations":[{"start":{"line":114,"column":37},"end":{"line":114,"column":37}},{"start":{"line":114,"column":37},"end":{"line":114,"column":37}}]},"34":{"line":232,"type":"if","locations":[{"start":{"line":117,"column":8},"end":{"line":117,"column":8}},{"start":{"line":117,"column":8},"end":{"line":117,"column":8}}]}},"l":{"0":21,"12":1,"25":1,"27":21,"28":21,"30":21,"31":21,"32":3,"35":21,"36":1,"78":4,"79":2,"80":1,"82":1,"85":2,"88":2,"89":1,"91":1,"115":3,"117":3,"118":1,"120":2,"131":5,"132":1,"133":0,"135":1,"137":5,"138":5,"148":1,"149":1,"159":1,"160":1,"164":7,"166":6,"167":1,"169":5,"172":2,"173":2,"174":1,"176":1,"179":0}},
"/home/travis/build/stellar/js-stellar-sdk/src/stellar_toml_resolver.js":{"path":"/home/travis/build/stellar/js-stellar-sdk/src/stellar_toml_resolver.js","s":{"1":1,"2":1,"3":1,"4":1,"5":1,"6":1,"7":1,"8":1,"9":1,"10":1,"11":1,"12":1,"13":0,"14":1,"15":1,"16":1,"17":1,"18":3,"19":1,"20":0,"21":0,"22":1,"23":1,"24":1,"25":1,"26":1,"27":1,"28":1,"29":1,"30":1,"31":1,"32":1,"33":0,"34":1,"35":9,"36":9,"37":9,"38":2,"39":9,"40":9,"41":3,"42":9,"43":7,"44":7,"45":6,"46":1,"47":3,"48":1,"49":1,"50":1,"51":1},"b":{"1":[1,1],"2":[1,0],"3":[0,1],"4":[1,0],"5":[0,3],"6":[3,3],"7":[0,0],"8":[7,2],"9":[9,2],"10":[2,7],"11":[3,6],"12":[1,1]},"f":{"1":1,"2":1,"3":1,"4":3,"5":0,"6":1,"7":0,"8":9,"9":7,"10":3},"fnMap":{"1":{"name":"(anonymous_1)","line":7,"loc":{"start":{"line":0,"column":0},"end":{"line":0,"column":0},"skip":true},"skip":true},"2":{"name":"defineProperties","line":7,"loc":{"start":{"line":0,"column":0},"end":{"line":0,"column":0},"skip":true},"skip":true},"3":{"name":"(anonymous_3)","line":7,"loc":{"start":{"line":0,"column":0},"end":{"line":0,"column":0},"skip":true},"skip":true},"4":{"name":"_interopRequireDefault","line":9,"loc":{"start":{"line":0,"column":0},"end":{"line":0,"column":0},"skip":true},"skip":true},"5":{"name":"_classCallCheck","line":11,"loc":{"start":{"line":0,"column":0},"end":{"line":0,"column":0},"skip":true},"skip":true},"6":{"name":"(anonymous_6)","line":35,"loc":{"start":{"line":12,"column":32},"end":{"line":12,"column":32}}},"7":{"name":"StellarTomlResolver","line":36,"loc":{"start":{"line":0,"column":0},"end":{"line":0,"column":0},"skip":true},"skip":true},"8":{"name":"resolve","line":61,"loc":{"start":{"line":31,"column":16},"end":{"line":31,"column":36}}},"9":{"name":"(anonymous_9)","line":73,"loc":{"start":{"line":42,"column":12},"end":{"line":42,"column":24}}},"10":{"name":"(anonymous_10)","line":80,"loc":{"start":{"line":50,"column":13},"end":{"line":50,"column":20}}}},"statementMap":{"1":{"start":{"line":0,"column":0},"end":{"line":0,"column":0},"skip":true},"2":{"start":{"line":0,"column":0},"end":{"line":0,"column":0},"skip":true},"3":{"start":{"line":0,"column":0},"end":{"line":0,"column":0},"skip":true},"4":{"start":{"line":0,"column":0},"end":{"line":0,"column":0},"skip":true},"5":{"start":{"line":0,"column":0},"end":{"line":0,"column":0},"skip":true},"6":{"start":{"line":0,"column":0},"end":{"line":0,"column":0},"skip":true},"7":{"start":{"line":0,"column":0},"end":{"line":0,"column":0},"skip":true},"8":{"start":{"line":0,"column":0},"end":{"line":0,"column":0},"skip":true},"9":{"start":{"line":0,"column":0},"end":{"line":0,"column":0},"skip":true},"10":{"start":{"line":0,"column":0},"end":{"line":0,"column":0},"skip":true},"11":{"start":{"line":0,"column":0},"end":{"line":0,"column":0},"skip":true},"12":{"start":{"line":0,"column":0},"end":{"line":0,"column":0},"skip":true},"13":{"start":{"line":0,"column":0},"end":{"line":0,"column":0},"skip":true},"14":{"start":{"line":0,"column":0},"end":{"line":0,"column":0},"skip":true},"15":{"start":{"line":0,"column":0},"end":{"line":0,"column":0},"skip":true},"16":{"start":{"line":0,"column":0},"end":{"line":0,"column":0},"skip":true},"17":{"start":{"line":0,"column":0},"end":{"line":0,"column":0},"skip":true},"18":{"start":{"line":0,"column":0},"end":{"line":0,"column":0},"skip":true},"19":{"start":{"line":0,"column":0},"end":{"line":0,"column":0},"skip":true},"20":{"start":{"line":0,"column":0},"end":{"line":0,"column":0},"skip":true},"21":{"start":{"line":0,"column":0},"end":{"line":0,"column":0},"skip":true},"22":{"start":{"line":0,"column":0},"end":{"line":0,"column":0},"skip":true},"23":{"start":{"line":0,"column":0},"end":{"line":0,"column":0},"skip":true},"24":{"start":{"line":0,"column":0},"end":{"line":0,"column":0},"skip":true},"25":{"start":{"line":0,"column":0},"end":{"line":0,"column":0},"skip":true},"26":{"start":{"line":0,"column":0},"end":{"line":0,"column":0},"skip":true},"27":{"start":{"line":0,"column":0},"end":{"line":0,"column":0},"skip":true},"28":{"start":{"line":0,"column":0},"end":{"line":0,"column":0},"skip":true},"29":{"start":{"line":7,"column":7},"end":{"line":7,"column":48}},"30":{"start":{"line":0,"column":0},"end":{"line":0,"column":0},"skip":true},"31":{"start":{"line":0,"column":0},"end":{"line":0,"column":0},"skip":true},"32":{"start":{"line":0,"column":0},"end":{"line":0,"column":0},"skip":true},"33":{"start":{"line":0,"column":0},"end":{"line":0,"column":0},"skip":true},"34":{"start":{"line":0,"column":0},"end":{"line":0,"column":0},"skip":true},"35":{"start":{"line":0,"column":0},"end":{"line":0,"column":0},"skip":true},"36":{"start":{"line":32,"column":4},"end":{"line":32,"column":41}},"37":{"start":{"line":33,"column":4},"end":{"line":35,"column":5}},"38":{"start":{"line":34,"column":8},"end":{"line":34,"column":35}},"39":{"start":{"line":37,"column":4},"end":{"line":37,"column":27}},"40":{"start":{"line":38,"column":4},"end":{"line":40,"column":5}},"41":{"start":{"line":39,"column":8},"end":{"line":39,"column":26}},"42":{"start":{"line":41,"column":4},"end":{"line":56,"column":9}},"43":{"start":{"line":43,"column":7},"end":{"line":48,"column":9}},"44":{"start":{"line":44,"column":12},"end":{"line":44,"column":55}},"45":{"start":{"line":45,"column":12},"end":{"line":45,"column":47}},"46":{"start":{"line":47,"column":12},"end":{"line":47,"column":114}},"47":{"start":{"line":51,"column":8},"end":{"line":55,"column":9}},"48":{"start":{"line":52,"column":10},"end":{"line":52,"column":96}},"49":{"start":{"line":54,"column":10},"end":{"line":54,"column":20}},"50":{"start":{"line":0,"column":0},"end":{"line":0,"column":0},"skip":true},"51":{"start":{"line":0,"column":0},"end":{"line":0,"column":0},"skip":true}},"branchMap":{"1":{"line":7,"type":"binary-expr","locations":[{"start":{"line":0,"column":0},"end":{"line":0,"column":0},"skip":true},{"start":{"line":0,"column":0},"end":{"line":0,"column":0},"skip":true}]},"2":{"line":7,"type":"if","locations":[{"start":{"line":0,"column":0},"end":{"line":0,"column":0},"skip":true},{"start":{"line":0,"column":0},"end":{"line":0,"column":0},"skip":true}]},"3":{"line":7,"type":"if","locations":[{"start":{"line":0,"column":0},"end":{"line":0,"column":0},"skip":true},{"start":{"line":0,"column":0},"end":{"line":0,"column":0},"skip":true}]},"4":{"line":7,"type":"if","locations":[{"start":{"line":0,"column":0},"end":{"line":0,"column":0},"skip":true},{"start":{"line":0,"column":0},"end":{"line":0,"column":0},"skip":true}]},"5":{"line":9,"type":"cond-expr","locations":[{"start":{"line":0,"column":0},"end":{"line":0,"column":0},"skip":true},{"start":{"line":0,"column":0},"end":{"line":0,"column":0},"skip":true}]},"6":{"line":9,"type":"binary-expr","locations":[{"start":{"line":0,"column":0},"end":{"line":0,"column":0},"skip":true},{"start":{"line":0,"column":0},"end":{"line":0,"column":0},"skip":true}]},"7":{"line":11,"type":"if","locations":[{"start":{"line":0,"column":0},"end":{"line":0,"column":0},"skip":true},{"start":{"line":0,"column":0},"end":{"line":0,"column":0},"skip":true}]},"8":{"line":62,"type":"cond-expr","locations":[{"start":{"line":31,"column":32},"end":{"line":31,"column":34}},{"start":{"line":31,"column":34},"end":{"line":31,"column":34}}]},"9":{"line":62,"type":"binary-expr","locations":[{"start":{"line":31,"column":29},"end":{"line":31,"column":29}},{"start":{"line":31,"column":29},"end":{"line":31,"column":29}}]},"10":{"line":65,"type":"if","locations":[{"start":{"line":33,"column":4},"end":{"line":33,"column":4}},{"start":{"line":33,"column":4},"end":{"line":33,"column":4}}]},"11":{"line":70,"type":"if","locations":[{"start":{"line":38,"column":4},"end":{"line":38,"column":4}},{"start":{"line":38,"column":4},"end":{"line":38,"column":4}}]},"12":{"line":81,"type":"if","locations":[{"start":{"line":51,"column":8},"end":{"line":51,"column":8}},{"start":{"line":51,"column":8},"end":{"line":51,"column":8}}]}},"l":{"0":9,"7":1,"32":9,"33":9,"34":2,"37":9,"38":9,"39":3,"41":9,"43":7,"44":7,"45":6,"47":1,"51":3,"52":1,"54":1}}}
