TN:
SF:/home/travis/build/stellar/js-stellar-sdk/src/index.js
FN:7,_interopExportWildcard
FN:9,_defaults
FN:23,get
FN:32,get
FN:41,get
FN:47,get
FN:56,get
FN:62,get
FNF:8
FNH:8
FNDA:2,_interopExportWildcard
FNDA:4,_defaults
FNDA:85,get
FNDA:50,get
FNDA:25,get
FNDA:1,get
FNDA:6,get
FNDA:1,get
DA:0,85
DA:1,1
LF:2
LH:2
BRDA:9,1,0,59
BRDA:9,1,1,2
BRDA:9,2,0,61
BRDA:9,2,1,61
BRDA:9,2,2,59
BRF:5
BRH:5
end_of_record
TN:
SF:/home/travis/build/stellar/js-stellar-sdk/src/errors.js
FN:6,(anonymous_1)
FN:7,newError
FN:43,inherits
FNF:3
FNH:3
FNDA:4,(anonymous_1)
FNDA:5,newError
FNDA:4,inherits
DA:0,1
DA:1,1
DA:2,4
DA:3,5
DA:4,5
DA:5,5
DA:8,4
DA:9,4
DA:11,4
DA:14,1
DA:15,1
DA:16,1
DA:17,1
DA:34,1
DA:35,4
DA:36,4
LF:16
LH:16
BRDA:9,1,0,5
BRDA:9,1,1,0
BRF:2
BRH:1
end_of_record
TN:
SF:/home/travis/build/stellar/js-stellar-sdk/src/config.js
FN:7,(anonymous_1)
FN:7,defineProperties
FN:7,(anonymous_3)
FN:9,_interopRequireDefault
FN:11,_classCallCheck
FN:39,(anonymous_6)
FN:40,Config
FN:53,setAllowHttp
FN:63,isAllowHttp
FN:73,setDefault
FNF:10
FNH:10
FNDA:1,(anonymous_1)
FNDA:1,defineProperties
FNDA:1,(anonymous_3)
FNDA:1,_interopRequireDefault
FNDA:0,_classCallCheck
FNDA:1,(anonymous_6)
FNDA:0,Config
FNDA:3,setAllowHttp
FNDA:80,isAllowHttp
FNDA:82,setDefault
DA:0,3
DA:3,1
DA:7,1
DA:32,3
DA:40,80
DA:48,82
LF:6
LH:6
BRDA:7,1,0,3
BRDA:7,1,1,3
BRDA:7,2,0,3
BRDA:7,2,1,0
BRDA:7,3,0,0
BRDA:7,3,1,1
BRDA:7,4,0,1
BRDA:7,4,1,0
BRDA:9,5,0,0
BRDA:9,5,1,1
BRDA:9,6,0,1
BRDA:9,6,1,1
BRDA:11,7,0,0
BRDA:11,7,1,0
BRF:14
BRH:14
end_of_record
TN:
SF:/home/travis/build/stellar/js-stellar-sdk/src/server.js
FN:8,(anonymous_1)
FN:8,defineProperties
FN:8,(anonymous_3)
FN:10,_interopRequireDefault
FN:12,_classCallCheck
FN:69,(anonymous_6)
FN:70,Server
FN:96,submitTransaction
FN:98,(anonymous_9)
FN:100,(anonymous_10)
FN:116,accounts
FN:126,ledgers
FN:136,transactions
FN:155,offers
FN:171,orderbook
FN:181,trades
FN:191,operations
FN:220,paths
FN:230,payments
FN:240,effects
FN:251,friendbot
FN:261,assets
FN:272,loadAccount
FN:273,(anonymous_24)
FN:290,tradeAggregation
FNF:25
FNH:25
FNDA:1,(anonymous_1)
FNDA:1,defineProperties
FNDA:1,(anonymous_3)
FNDA:1,_interopRequireDefault
FNDA:50,_classCallCheck
FNDA:1,(anonymous_6)
FNDA:50,Server
FNDA:7,submitTransaction
FNDA:6,(anonymous_9)
FNDA:1,(anonymous_10)
FNDA:15,accounts
FNDA:7,ledgers
FNDA:11,transactions
FNDA:2,offers
FNDA:2,orderbook
FNDA:4,trades
FNDA:4,operations
FNDA:1,paths
FNDA:3,payments
FNDA:4,effects
FNDA:1,friendbot
FNDA:5,assets
FNDA:6,loadAccount
FNDA:5,(anonymous_24)
FNDA:2,tradeAggregation
DA:0,50
DA:21,1
DA:22,1
DA:23,1
DA:24,1
DA:26,1
DA:37,1
DA:38,50
DA:40,50
DA:41,50
DA:42,2
DA:45,50
DA:46,1
DA:57,7
DA:58,7
DA:64,6
DA:67,1
DA:68,0
DA:70,1
DA:73,7
DA:81,15
DA:89,7
DA:97,11
DA:113,2
DA:114,2
DA:124,2
DA:132,4
DA:140,4
DA:167,1
DA:175,3
DA:183,4
DA:192,1
DA:200,5
DA:210,6
DA:214,5
DA:229,2
LF:36
LH:35
BRDA:8,1,0,15
BRDA:8,1,1,15
BRDA:8,2,0,15
BRDA:8,2,1,0
BRDA:8,3,0,1
BRDA:8,3,1,0
BRDA:8,4,0,0
BRDA:8,4,1,1
BRDA:10,5,0,0
BRDA:10,5,1,1
BRDA:10,6,0,1
BRDA:10,6,1,1
BRDA:12,7,0,0
BRDA:12,7,1,50
BRDA:71,8,0,48
BRDA:71,8,1,2
BRDA:71,9,0,50
BRDA:71,9,1,2
BRDA:78,10,0,2
BRDA:78,10,1,48
BRDA:82,11,0,1
BRDA:82,11,1,49
BRDA:82,12,0,50
BRDA:82,12,1,4
BRDA:101,13,0,0
BRDA:101,13,1,1
BRF:26
BRH:25
end_of_record
TN:
SF:/home/travis/build/stellar/js-stellar-sdk/src/account_call_builder.js
FN:7,(anonymous_1)
FN:7,defineProperties
FN:7,(anonymous_3)
FN:9,get
FN:11,_classCallCheck
FN:13,_inherits
FN:17,(anonymous_7)
FN:30,AccountCallBuilder
FN:48,accountId
FNF:9
FNH:9
FNDA:1,(anonymous_1)
FNDA:1,defineProperties
FNDA:1,(anonymous_3)
FNDA:15,get
FNDA:15,_classCallCheck
FNDA:1,_inherits
FNDA:1,(anonymous_7)
FNDA:15,AccountCallBuilder
FNDA:10,accountId
DA:0,15
DA:13,1
DA:14,15
DA:15,15
DA:27,10
DA:28,10
LF:6
LH:6
BRDA:7,1,0,1
BRDA:7,1,1,1
BRDA:7,2,0,1
BRDA:7,2,1,0
BRDA:7,3,0,1
BRDA:7,3,1,0
BRDA:7,4,0,0
BRDA:7,4,1,1
BRDA:9,5,0,0
BRDA:9,5,1,15
BRDA:9,6,0,0
BRDA:9,6,1,15
BRDA:9,7,0,0
BRDA:9,7,1,0
BRDA:9,8,0,15
BRDA:9,8,1,0
BRDA:9,9,0,0
BRDA:9,9,1,0
BRDA:11,10,0,0
BRDA:11,10,1,15
BRDA:13,11,0,0
BRDA:13,11,1,1
BRDA:13,12,0,1
BRDA:13,12,1,0
BRDA:13,13,0,1
BRDA:13,13,1,1
BRDA:13,14,0,1
BRDA:13,14,1,0
BRDA:13,15,0,1
BRDA:13,15,1,0
BRF:30
BRH:30
end_of_record
TN:
SF:/home/travis/build/stellar/js-stellar-sdk/src/call_builder.js
FN:7,(anonymous_1)
FN:7,defineProperties
FN:7,(anonymous_3)
FN:9,_interopRequireDefault
FN:11,_classCallCheck
FN:34,(anonymous_6)
FN:35,CallBuilder
FN:49,checkFilter
FN:68,call
FN:72,(anonymous_10)
FN:89,stream
FN:102,createTimeout
FN:103,(anonymous_13)
FN:109,createEventSource
FN:122,(anonymous_15)
FN:132,(anonymous_16)
FN:142,close
FN:153,_requestFnForLink
FN:156,(anonymous_19)
FN:166,(anonymous_20)
FN:178,_parseRecord
FN:184,(anonymous_22)
FN:195,_sendNormalRequest
FN:206,(anonymous_24)
FN:217,_parseResponse
FN:230,_toCollectionPage
FN:238,next
FN:239,(anonymous_28)
FN:243,prev
FN:244,(anonymous_30)
FN:256,_handleNetworkError
FN:276,cursor
FN:288,limit
FN:299,order
FNF:34
FNH:29
FNDA:1,(anonymous_1)
FNDA:1,defineProperties
FNDA:1,(anonymous_3)
FNDA:1,_interopRequireDefault
FNDA:61,_classCallCheck
FNDA:1,(anonymous_6)
FNDA:61,CallBuilder
FNDA:59,checkFilter
FNDA:58,call
FNDA:55,(anonymous_10)
FNDA:1,stream
FNDA:2,createTimeout
FNDA:0,(anonymous_13)
FNDA:1,createEventSource
FNDA:1,(anonymous_15)
FNDA:0,(anonymous_16)
FNDA:0,close
FNDA:135,_requestFnForLink
FNDA:2,(anonymous_19)
FNDA:2,(anonymous_20)
FNDA:66,_parseRecord
FNDA:135,(anonymous_22)
FNDA:60,_sendNormalRequest
FNDA:58,(anonymous_24)
FNDA:56,_parseResponse
FNDA:30,_toCollectionPage
FNDA:1,next
FNDA:1,(anonymous_28)
FNDA:0,prev
FNDA:0,(anonymous_30)
FNDA:2,_handleNetworkError
FNDA:7,cursor
FNDA:8,limit
FNDA:6,order
DA:0,135
DA:4,1
DA:5,1
DA:7,1
DA:8,1
DA:9,1
DA:19,1
DA:20,61
DA:21,61
DA:22,61
DA:29,59
DA:30,1
DA:33,58
DA:35,30
DA:36,30
DA:46,58
DA:47,57
DA:62,1
DA:65,1
DA:70,1
DA:72,1
DA:73,2
DA:74,0
DA:75,0
DA:79,1
DA:80,1
DA:81,1
DA:83,0
DA:84,0
DA:85,0
DA:87,0
DA:90,1
DA:92,1
DA:93,1
DA:94,1
DA:95,1
DA:97,1
DA:98,1
DA:99,1
DA:102,1
DA:103,0
DA:104,0
DA:108,1
DA:111,1
DA:112,1
DA:113,0
DA:114,0
DA:122,135
DA:123,2
DA:125,2
DA:126,2
DA:127,2
DA:129,0
DA:132,2
DA:141,66
DA:142,32
DA:144,34
DA:146,135
DA:147,56
DA:149,135
DA:151,34
DA:155,60
DA:156,1
DA:159,60
DA:160,1
DA:164,60
DA:165,60
DA:168,60
DA:175,56
DA:176,29
DA:178,27
DA:186,30
DA:187,36
DA:189,30
DA:192,1
DA:196,0
DA:206,2
DA:207,0
DA:209,2
DA:211,2
DA:213,0
DA:224,7
DA:225,7
DA:234,8
DA:235,8
DA:243,6
DA:244,6
LF:87
LH:73
BRDA:7,1,0,12
BRDA:7,1,1,12
BRDA:7,2,0,12
BRDA:7,2,1,0
BRDA:7,3,0,1
BRDA:7,3,1,0
BRDA:7,4,0,0
BRDA:7,4,1,1
BRDA:9,5,0,0
BRDA:9,5,1,1
BRDA:9,6,0,1
BRDA:9,6,1,1
BRDA:11,7,0,0
BRDA:11,7,1,61
BRDA:23,8,0,1
BRDA:23,8,1,0
BRDA:40,9,0,61
BRDA:40,9,1,0
BRDA:50,10,0,1
BRDA:50,10,1,58
BRDA:54,11,0,30
BRDA:54,11,1,28
BRDA:113,12,0,0
BRDA:113,12,1,0
BRDA:123,13,0,1
BRDA:123,13,1,0
BRDA:124,14,0,1
BRDA:124,14,1,0
BRDA:133,15,0,0
BRDA:133,15,1,0
BRDA:159,16,0,2
BRDA:159,16,1,0
BRDA:161,17,0,2
BRDA:161,17,1,1
BRDA:181,18,0,32
BRDA:181,18,1,34
BRDA:186,19,0,56
BRDA:186,19,1,79
BRDA:196,20,0,1
BRDA:196,20,1,59
BRDA:200,21,0,1
BRDA:200,21,1,59
BRDA:218,22,0,29
BRDA:218,22,1,27
BRDA:218,23,0,56
BRDA:218,23,1,29
BRDA:257,24,0,0
BRDA:257,24,1,2
BRDA:260,25,0,2
BRDA:260,25,1,0
BRF:50
BRH:39
end_of_record
TN:
SF:/home/travis/build/stellar/js-stellar-sdk/src/account_response.js
FN:7,(anonymous_1)
FN:7,defineProperties
FN:7,(anonymous_3)
FN:9,_interopRequireDefault
FN:11,_classCallCheck
FN:31,(anonymous_6)
FN:32,AccountResponse
FN:39,(anonymous_8)
FN:51,accountId
FN:60,sequenceNumber
FN:69,incrementSequenceNumber
FNF:11
FNH:11
FNDA:1,(anonymous_1)
FNDA:1,defineProperties
FNDA:1,(anonymous_3)
FNDA:1,_interopRequireDefault
FNDA:5,_classCallCheck
FNDA:1,(anonymous_6)
FNDA:5,AccountResponse
FNDA:81,(anonymous_8)
FNDA:3,accountId
FNDA:5,sequenceNumber
FNDA:5,incrementSequenceNumber
DA:0,5
DA:16,1
DA:17,5
DA:19,5
DA:20,81
DA:29,3
DA:36,5
DA:43,5
DA:44,5
LF:9
LH:9
BRDA:7,1,0,3
BRDA:7,1,1,3
BRDA:7,2,0,3
BRDA:7,2,1,0
BRDA:7,3,0,1
BRDA:7,3,1,0
BRDA:7,4,0,0
BRDA:7,4,1,1
BRDA:9,5,0,0
BRDA:9,5,1,1
BRDA:9,6,0,1
BRDA:9,6,1,1
BRDA:11,7,0,0
BRDA:11,7,1,5
BRF:14
BRH:14
end_of_record
TN:
SF:/home/travis/build/stellar/js-stellar-sdk/src/ledger_call_builder.js
FN:7,(anonymous_1)
FN:7,defineProperties
FN:7,(anonymous_3)
FN:9,get
FN:11,_classCallCheck
FN:13,_inherits
FN:17,(anonymous_7)
FN:30,LedgerCallBuilder
FN:45,ledger
FNF:9
FNH:9
FNDA:1,(anonymous_1)
FNDA:1,defineProperties
FNDA:1,(anonymous_3)
FNDA:7,get
FNDA:7,_classCallCheck
FNDA:1,_inherits
FNDA:1,(anonymous_7)
FNDA:7,LedgerCallBuilder
FNDA:3,ledger
DA:0,7
DA:13,1
DA:14,7
DA:15,7
DA:24,3
DA:25,3
LF:6
LH:6
BRDA:7,1,0,1
BRDA:7,1,1,1
BRDA:7,2,0,1
BRDA:7,2,1,0
BRDA:7,3,0,1
BRDA:7,3,1,0
BRDA:7,4,0,0
BRDA:7,4,1,1
BRDA:9,5,0,0
BRDA:9,5,1,7
BRDA:9,6,0,0
BRDA:9,6,1,7
BRDA:9,7,0,0
BRDA:9,7,1,0
BRDA:9,8,0,7
BRDA:9,8,1,0
BRDA:9,9,0,0
BRDA:9,9,1,0
BRDA:11,10,0,0
BRDA:11,10,1,7
BRDA:13,11,0,0
BRDA:13,11,1,1
BRDA:13,12,0,1
BRDA:13,12,1,0
BRDA:13,13,0,1
BRDA:13,13,1,1
BRDA:13,14,0,1
BRDA:13,14,1,0
BRDA:13,15,0,1
BRDA:13,15,1,0
BRF:30
BRH:30
end_of_record
TN:
SF:/home/travis/build/stellar/js-stellar-sdk/src/transaction_call_builder.js
FN:7,(anonymous_1)
FN:7,defineProperties
FN:7,(anonymous_3)
FN:9,get
FN:11,_classCallCheck
FN:13,_inherits
FN:17,(anonymous_7)
FN:30,TransactionCallBuilder
FN:46,transaction
FN:59,forAccount
FN:72,forLedger
FNF:11
FNH:11
FNDA:1,(anonymous_1)
FNDA:1,defineProperties
FNDA:1,(anonymous_3)
FNDA:11,get
FNDA:11,_classCallCheck
FNDA:1,_inherits
FNDA:1,(anonymous_7)
FNDA:11,TransactionCallBuilder
FNDA:3,transaction
FNDA:3,forAccount
FNDA:2,forLedger
DA:0,11
DA:13,1
DA:14,11
DA:15,11
DA:25,3
DA:26,3
DA:36,3
DA:37,3
DA:47,2
DA:48,1
DA:50,2
DA:51,2
LF:12
LH:12
BRDA:7,1,0,3
BRDA:7,1,1,3
BRDA:7,2,0,3
BRDA:7,2,1,0
BRDA:7,3,0,1
BRDA:7,3,1,0
BRDA:7,4,0,0
BRDA:7,4,1,1
BRDA:9,5,0,0
BRDA:9,5,1,11
BRDA:9,6,0,0
BRDA:9,6,1,11
BRDA:9,7,0,0
BRDA:9,7,1,0
BRDA:9,8,0,11
BRDA:9,8,1,0
BRDA:9,9,0,0
BRDA:9,9,1,0
BRDA:11,10,0,0
BRDA:11,10,1,11
BRDA:13,11,0,0
BRDA:13,11,1,1
BRDA:13,12,0,1
BRDA:13,12,1,0
BRDA:13,13,0,1
BRDA:13,13,1,1
BRDA:13,14,0,1
BRDA:13,14,1,0
BRDA:13,15,0,1
BRDA:13,15,1,0
BRDA:73,16,0,1
BRDA:73,16,1,1
BRF:32
BRH:32
end_of_record
TN:
SF:/home/travis/build/stellar/js-stellar-sdk/src/operation_call_builder.js
FN:7,(anonymous_1)
FN:7,defineProperties
FN:7,(anonymous_3)
FN:9,get
FN:11,_classCallCheck
FN:13,_inherits
FN:17,(anonymous_7)
FN:30,OperationCallBuilder
FN:47,operation
FN:60,forAccount
FN:74,forLedger
FN:90,forTransaction
FNF:12
FNH:12
FNDA:1,(anonymous_1)
FNDA:1,defineProperties
FNDA:1,(anonymous_3)
FNDA:4,get
FNDA:4,_classCallCheck
FNDA:1,_inherits
FNDA:1,(anonymous_7)
FNDA:4,OperationCallBuilder
FNDA:1,operation
FNDA:1,forAccount
FNDA:1,forLedger
FNDA:1,forTransaction
DA:0,4
DA:13,1
DA:14,4
DA:15,4
DA:26,1
DA:27,1
DA:37,1
DA:38,1
DA:49,1
DA:50,1
DA:52,1
DA:53,1
DA:63,1
DA:64,1
LF:14
LH:14
BRDA:7,1,0,4
BRDA:7,1,1,4
BRDA:7,2,0,4
BRDA:7,2,1,0
BRDA:7,3,0,1
BRDA:7,3,1,0
BRDA:7,4,0,0
BRDA:7,4,1,1
BRDA:9,5,0,0
BRDA:9,5,1,4
BRDA:9,6,0,0
BRDA:9,6,1,4
BRDA:9,7,0,0
BRDA:9,7,1,0
BRDA:9,8,0,4
BRDA:9,8,1,0
BRDA:9,9,0,0
BRDA:9,9,1,0
BRDA:11,10,0,0
BRDA:11,10,1,4
BRDA:13,11,0,0
BRDA:13,11,1,1
BRDA:13,12,0,1
BRDA:13,12,1,0
BRDA:13,13,0,1
BRDA:13,13,1,1
BRDA:13,14,0,1
BRDA:13,14,1,0
BRDA:13,15,0,1
BRDA:13,15,1,0
BRDA:75,16,0,1
BRDA:75,16,1,0
BRF:32
BRH:31
end_of_record
TN:
SF:/home/travis/build/stellar/js-stellar-sdk/src/offer_call_builder.js
FN:7,get
FN:9,_classCallCheck
FN:11,_inherits
FN:29,(anonymous_4)
FN:32,OfferCallBuilder
FNF:5
FNH:5
FNDA:2,get
FNDA:2,_classCallCheck
FNDA:1,_inherits
FNDA:1,(anonymous_4)
FNDA:2,OfferCallBuilder
DA:0,2
DA:15,1
DA:16,2
DA:17,2
DA:18,1
DA:20,1
LF:6
LH:6
BRDA:7,1,0,0
BRDA:7,1,1,2
BRDA:7,2,0,0
BRDA:7,2,1,2
BRDA:7,3,0,0
BRDA:7,3,1,0
BRDA:7,4,0,2
BRDA:7,4,1,0
BRDA:7,5,0,0
BRDA:7,5,1,0
BRDA:9,6,0,0
BRDA:9,6,1,2
BRDA:11,7,0,0
BRDA:11,7,1,1
BRDA:11,8,0,1
BRDA:11,8,1,0
BRDA:11,9,0,1
BRDA:11,9,1,1
BRDA:11,10,0,1
BRDA:11,10,1,0
BRDA:11,11,0,1
BRDA:11,11,1,0
BRDA:36,12,0,1
BRDA:36,12,1,1
BRF:24
BRH:24
end_of_record
TN:
SF:/home/travis/build/stellar/js-stellar-sdk/src/orderbook_call_builder.js
FN:7,get
FN:9,_classCallCheck
FN:11,_inherits
FN:25,(anonymous_4)
FN:28,OrderbookCallBuilder
FNF:5
FNH:5
FNDA:2,get
FNDA:2,_classCallCheck
FNDA:1,_inherits
FNDA:1,(anonymous_4)
FNDA:2,OrderbookCallBuilder
DA:0,2
DA:13,1
DA:14,2
DA:15,2
DA:16,2
DA:17,1
DA:18,1
DA:19,1
DA:21,1
DA:23,2
DA:24,1
DA:25,1
DA:26,1
DA:28,1
LF:14
LH:14
BRDA:7,1,0,0
BRDA:7,1,1,2
BRDA:7,2,0,0
BRDA:7,2,1,2
BRDA:7,3,0,0
BRDA:7,3,1,0
BRDA:7,4,0,2
BRDA:7,4,1,0
BRDA:7,5,0,0
BRDA:7,5,1,0
BRDA:9,6,0,0
BRDA:9,6,1,2
BRDA:11,7,0,0
BRDA:11,7,1,1
BRDA:11,8,0,1
BRDA:11,8,1,0
BRDA:11,9,0,1
BRDA:11,9,1,1
BRDA:11,10,0,1
BRDA:11,10,1,0
BRDA:11,11,0,1
BRDA:11,11,1,0
BRDA:33,12,0,1
BRDA:33,12,1,1
BRDA:40,13,0,1
BRDA:40,13,1,1
BRF:26
BRH:26
end_of_record
TN:
SF:/home/travis/build/stellar/js-stellar-sdk/src/trades_call_builder.js
FN:7,(anonymous_1)
FN:7,defineProperties
FN:7,(anonymous_3)
FN:9,get
FN:11,_classCallCheck
FN:13,_inherits
FN:25,(anonymous_7)
FN:28,TradesCallBuilder
FN:44,forAssetPair
FN:69,forOffer
FNF:10
FNH:10
FNDA:1,(anonymous_1)
FNDA:1,defineProperties
FNDA:1,(anonymous_3)
FNDA:4,get
FNDA:4,_classCallCheck
FNDA:1,_inherits
FNDA:1,(anonymous_7)
FNDA:4,TradesCallBuilder
FNDA:1,forAssetPair
FNDA:1,forOffer
DA:0,4
DA:11,1
DA:12,4
DA:13,4
DA:23,1
DA:24,0
DA:25,0
DA:26,0
DA:28,1
DA:30,1
DA:31,1
DA:32,1
DA:33,1
DA:35,0
DA:37,1
DA:46,1
DA:47,1
LF:17
LH:13
BRDA:7,1,0,2
BRDA:7,1,1,2
BRDA:7,2,0,2
BRDA:7,2,1,0
BRDA:7,3,0,1
BRDA:7,3,1,0
BRDA:7,4,0,0
BRDA:7,4,1,1
BRDA:9,5,0,0
BRDA:9,5,1,4
BRDA:9,6,0,0
BRDA:9,6,1,4
BRDA:9,7,0,0
BRDA:9,7,1,0
BRDA:9,8,0,4
BRDA:9,8,1,0
BRDA:9,9,0,0
BRDA:9,9,1,0
BRDA:11,10,0,0
BRDA:11,10,1,4
BRDA:13,11,0,0
BRDA:13,11,1,1
BRDA:13,12,0,1
BRDA:13,12,1,0
BRDA:13,13,0,1
BRDA:13,13,1,1
BRDA:13,14,0,1
BRDA:13,14,1,0
BRDA:13,15,0,1
BRDA:13,15,1,0
BRDA:45,16,0,0
BRDA:45,16,1,1
BRDA:52,17,0,1
BRDA:52,17,1,0
BRF:34
BRH:32
end_of_record
TN:
SF:/home/travis/build/stellar/js-stellar-sdk/src/path_call_builder.js
FN:7,get
FN:9,_classCallCheck
FN:11,_inherits
FN:39,(anonymous_4)
FN:42,PathCallBuilder
FNF:5
FNH:5
FNDA:1,get
FNDA:1,_classCallCheck
FNDA:1,_inherits
FNDA:1,(anonymous_4)
FNDA:1,PathCallBuilder
DA:0,1
DA:27,1
DA:28,1
DA:29,1
DA:30,1
DA:31,1
DA:32,1
DA:34,1
DA:35,1
DA:36,1
DA:37,1
DA:39,0
LF:12
LH:11
BRDA:7,1,0,0
BRDA:7,1,1,1
BRDA:7,2,0,0
BRDA:7,2,1,1
BRDA:7,3,0,0
BRDA:7,3,1,0
BRDA:7,4,0,1
BRDA:7,4,1,0
BRDA:7,5,0,0
BRDA:7,5,1,0
BRDA:9,6,0,0
BRDA:9,6,1,1
BRDA:11,7,0,0
BRDA:11,7,1,1
BRDA:11,8,0,1
BRDA:11,8,1,0
BRDA:11,9,0,1
BRDA:11,9,1,1
BRDA:11,10,0,1
BRDA:11,10,1,0
BRDA:11,11,0,1
BRDA:11,11,1,0
BRDA:51,12,0,1
BRDA:51,12,1,0
BRF:24
BRH:23
end_of_record
TN:
SF:/home/travis/build/stellar/js-stellar-sdk/src/payment_call_builder.js
FN:7,(anonymous_1)
FN:7,defineProperties
FN:7,(anonymous_3)
FN:9,get
FN:11,_classCallCheck
FN:13,_inherits
FN:17,(anonymous_7)
FN:30,PaymentCallBuilder
FN:46,forAccount
FN:59,forLedger
FN:75,forTransaction
FNF:11
FNH:11
FNDA:1,(anonymous_1)
FNDA:1,defineProperties
FNDA:1,(anonymous_3)
FNDA:3,get
FNDA:3,_classCallCheck
FNDA:1,_inherits
FNDA:1,(anonymous_7)
FNDA:3,PaymentCallBuilder
FNDA:1,forAccount
FNDA:1,forLedger
FNDA:1,forTransaction
DA:0,3
DA:13,1
DA:14,3
DA:15,3
DA:25,1
DA:26,1
DA:36,1
DA:37,0
DA:39,1
DA:40,1
DA:50,1
DA:51,1
LF:12
LH:11
BRDA:7,1,0,3
BRDA:7,1,1,3
BRDA:7,2,0,3
BRDA:7,2,1,0
BRDA:7,3,0,1
BRDA:7,3,1,0
BRDA:7,4,0,0
BRDA:7,4,1,1
BRDA:9,5,0,0
BRDA:9,5,1,3
BRDA:9,6,0,0
BRDA:9,6,1,3
BRDA:9,7,0,0
BRDA:9,7,1,0
BRDA:9,8,0,3
BRDA:9,8,1,0
BRDA:9,9,0,0
BRDA:9,9,1,0
BRDA:11,10,0,0
BRDA:11,10,1,3
BRDA:13,11,0,0
BRDA:13,11,1,1
BRDA:13,12,0,1
BRDA:13,12,1,0
BRDA:13,13,0,1
BRDA:13,13,1,1
BRDA:13,14,0,1
BRDA:13,14,1,0
BRDA:13,15,0,1
BRDA:13,15,1,0
BRDA:60,16,0,0
BRDA:60,16,1,1
BRF:32
BRH:31
end_of_record
TN:
SF:/home/travis/build/stellar/js-stellar-sdk/src/effect_call_builder.js
FN:7,(anonymous_1)
FN:7,defineProperties
FN:7,(anonymous_3)
FN:9,get
FN:11,_classCallCheck
FN:13,_inherits
FN:22,(anonymous_7)
FN:34,EffectCallBuilder
FN:50,forAccount
FN:65,forLedger
FN:81,forTransaction
FN:94,forOperation
FNF:12
FNH:12
FNDA:1,(anonymous_1)
FNDA:1,defineProperties
FNDA:1,(anonymous_3)
FNDA:4,get
FNDA:4,_classCallCheck
FNDA:1,_inherits
FNDA:1,(anonymous_7)
FNDA:4,EffectCallBuilder
FNDA:1,forAccount
FNDA:1,forLedger
FNDA:1,forTransaction
FNDA:1,forOperation
DA:0,4
DA:16,1
DA:17,4
DA:18,4
DA:28,1
DA:29,1
DA:41,1
DA:42,0
DA:44,1
DA:45,1
DA:55,1
DA:56,1
DA:66,1
DA:67,1
LF:14
LH:13
BRDA:7,1,0,4
BRDA:7,1,1,4
BRDA:7,2,0,4
BRDA:7,2,1,0
BRDA:7,3,0,1
BRDA:7,3,1,0
BRDA:7,4,0,0
BRDA:7,4,1,1
BRDA:9,5,0,0
BRDA:9,5,1,4
BRDA:9,6,0,0
BRDA:9,6,1,4
BRDA:9,7,0,0
BRDA:9,7,1,0
BRDA:9,8,0,4
BRDA:9,8,1,0
BRDA:9,9,0,0
BRDA:9,9,1,0
BRDA:11,10,0,0
BRDA:11,10,1,4
BRDA:13,11,0,0
BRDA:13,11,1,1
BRDA:13,12,0,1
BRDA:13,12,1,0
BRDA:13,13,0,1
BRDA:13,13,1,1
BRDA:13,14,0,1
BRDA:13,14,1,0
BRDA:13,15,0,1
BRDA:13,15,1,0
BRDA:66,16,0,0
BRDA:66,16,1,1
BRF:32
BRH:31
end_of_record
TN:
SF:/home/travis/build/stellar/js-stellar-sdk/src/friendbot_builder.js
FN:7,get
FN:9,_classCallCheck
FN:11,_inherits
FN:15,(anonymous_4)
FN:18,FriendbotBuilder
FNF:5
FNH:5
FNDA:1,get
FNDA:1,_classCallCheck
FNDA:1,_inherits
FNDA:1,(anonymous_4)
FNDA:1,FriendbotBuilder
DA:0,1
DA:5,1
DA:6,1
DA:7,1
DA:8,1
LF:5
LH:5
BRDA:7,1,0,0
BRDA:7,1,1,1
BRDA:7,2,0,0
BRDA:7,2,1,1
BRDA:7,3,0,0
BRDA:7,3,1,0
BRDA:7,4,0,1
BRDA:7,4,1,0
BRDA:7,5,0,0
BRDA:7,5,1,0
BRDA:9,6,0,0
BRDA:9,6,1,1
BRDA:11,7,0,0
BRDA:11,7,1,1
BRDA:11,8,0,1
BRDA:11,8,1,0
BRDA:11,9,0,1
BRDA:11,9,1,1
BRDA:11,10,0,1
BRDA:11,10,1,0
BRDA:11,11,0,1
BRDA:11,11,1,0
BRF:22
BRH:22
end_of_record
TN:
SF:/home/travis/build/stellar/js-stellar-sdk/src/assets_call_builder.js
FN:7,(anonymous_1)
FN:7,defineProperties
FN:7,(anonymous_3)
FN:9,get
FN:11,_classCallCheck
FN:13,_inherits
FN:26,(anonymous_7)
FN:29,AssetsCallBuilder
FN:44,forCode
FN:56,forIssuer
FNF:10
FNH:10
FNDA:1,(anonymous_1)
FNDA:1,defineProperties
FNDA:1,(anonymous_3)
FNDA:5,get
FNDA:5,_classCallCheck
FNDA:1,_inherits
FNDA:1,(anonymous_7)
FNDA:5,AssetsCallBuilder
FNDA:3,forCode
FNDA:3,forIssuer
DA:0,5
DA:12,1
DA:13,5
DA:14,5
DA:23,3
DA:24,3
DA:33,3
DA:34,3
LF:8
LH:8
BRDA:7,1,0,2
BRDA:7,1,1,2
BRDA:7,2,0,2
BRDA:7,2,1,0
BRDA:7,3,0,1
BRDA:7,3,1,0
BRDA:7,4,0,0
BRDA:7,4,1,1
BRDA:9,5,0,0
BRDA:9,5,1,5
BRDA:9,6,0,0
BRDA:9,6,1,5
BRDA:9,7,0,0
BRDA:9,7,1,0
BRDA:9,8,0,5
BRDA:9,8,1,0
BRDA:9,9,0,0
BRDA:9,9,1,0
BRDA:11,10,0,0
BRDA:11,10,1,5
BRDA:13,11,0,0
BRDA:13,11,1,1
BRDA:13,12,0,1
BRDA:13,12,1,0
BRDA:13,13,0,1
BRDA:13,13,1,1
BRDA:13,14,0,1
BRDA:13,14,1,0
BRDA:13,15,0,1
BRDA:13,15,1,0
BRF:30
BRH:30
end_of_record
TN:
SF:/home/travis/build/stellar/js-stellar-sdk/src/trade_aggregation_call_builder.js
FN:7,(anonymous_1)
FN:7,defineProperties
FN:7,(anonymous_3)
FN:9,get
FN:11,_classCallCheck
FN:13,_inherits
FN:33,(anonymous_7)
FN:36,TradeAggregationCallBuilder
FN:76,isValidResolution
FNF:9
FNH:9
FNDA:1,(anonymous_1)
FNDA:1,defineProperties
FNDA:1,(anonymous_3)
FNDA:2,get
FNDA:2,_classCallCheck
FNDA:1,_inherits
FNDA:1,(anonymous_7)
FNDA:2,TradeAggregationCallBuilder
FNDA:2,isValidResolution
DA:0,2
DA:4,1
DA:18,1
DA:19,2
DA:21,2
DA:22,2
DA:23,1
DA:24,1
DA:25,1
DA:27,1
DA:29,2
DA:30,1
DA:31,1
DA:32,1
DA:34,1
DA:36,2
DA:37,0
DA:39,2
DA:40,2
DA:42,2
DA:43,0
DA:45,2
DA:56,2
DA:58,2
DA:59,2
DA:60,2
DA:61,2
DA:64,2
LF:28
LH:26
BRDA:7,1,0,1
BRDA:7,1,1,1
BRDA:7,2,0,1
BRDA:7,2,1,0
BRDA:7,3,0,1
BRDA:7,3,1,0
BRDA:7,4,0,0
BRDA:7,4,1,1
BRDA:9,5,0,0
BRDA:9,5,1,2
BRDA:9,6,0,0
BRDA:9,6,1,2
BRDA:9,7,0,0
BRDA:9,7,1,0
BRDA:9,8,0,2
BRDA:9,8,1,0
BRDA:9,9,0,0
BRDA:9,9,1,0
BRDA:11,10,0,0
BRDA:11,10,1,2
BRDA:13,11,0,0
BRDA:13,11,1,1
BRDA:13,12,0,1
BRDA:13,12,1,0
BRDA:13,13,0,1
BRDA:13,13,1,1
BRDA:13,14,0,1
BRDA:13,14,1,0
BRDA:13,15,0,1
BRDA:13,15,1,0
BRDA:42,16,0,1
BRDA:42,16,1,1
BRDA:49,17,0,1
BRDA:49,17,1,1
BRDA:56,18,0,0
BRDA:56,18,1,2
BRDA:56,19,0,2
BRDA:56,19,1,2
BRDA:62,20,0,0
BRDA:62,20,1,2
BRDA:80,21,0,2
BRDA:80,21,1,0
BRF:42
BRH:39
end_of_record
TN:
SF:/home/travis/build/stellar/js-stellar-sdk/src/federation_server.js
FN:7,(anonymous_1)
FN:7,sliceIterator
FN:7,(anonymous_3)
FN:9,(anonymous_4)
FN:9,defineProperties
FN:9,(anonymous_6)
FN:11,_interopRequireDefault
FN:13,_classCallCheck
FN:58,(anonymous_9)
FN:59,FederationServer
FN:124,resolveAddress
FN:143,resolveAccountId
FN:156,resolveTransactionId
FN:162,_sendRequest
FN:163,(anonymous_15)
FN:168,(anonymous_16)
FN:182,resolve
FN:202,(anonymous_18)
FN:228,createForDomain
FN:231,(anonymous_20)
FNF:20
FNH:20
FNDA:1,(anonymous_1)
FNDA:0,sliceIterator
FNDA:2,(anonymous_3)
FNDA:1,(anonymous_4)
FNDA:2,defineProperties
FNDA:1,(anonymous_6)
FNDA:5,_interopRequireDefault
FNDA:21,_classCallCheck
FNDA:1,(anonymous_9)
FNDA:21,FederationServer
FNDA:5,resolveAddress
FNDA:1,resolveAccountId
FNDA:1,resolveTransactionId
FNDA:7,_sendRequest
FNDA:6,(anonymous_15)
FNDA:2,(anonymous_16)
FNDA:4,resolve
FNDA:1,(anonymous_18)
FNDA:3,createForDomain
FNDA:3,(anonymous_20)
DA:0,21
DA:12,1
DA:25,1
DA:27,21
DA:28,21
DA:30,21
DA:31,21
DA:32,3
DA:35,21
DA:36,1
DA:78,4
DA:79,2
DA:80,1
DA:82,1
DA:85,2
DA:88,2
DA:89,1
DA:91,1
DA:115,3
DA:117,3
DA:118,1
DA:120,2
DA:131,5
DA:132,1
DA:133,0
DA:135,1
DA:137,5
DA:138,5
DA:148,1
DA:149,1
DA:159,1
DA:160,1
DA:164,7
DA:166,6
DA:167,1
DA:169,5
DA:172,2
DA:173,2
DA:174,1
DA:176,1
DA:179,0
LF:41
LH:39
BRDA:7,1,0,0
BRDA:7,1,1,0
BRDA:7,2,0,0
BRDA:7,2,1,0
BRDA:7,3,0,0
BRDA:7,3,1,0
BRDA:7,4,0,0
BRDA:7,4,1,0
BRDA:7,5,0,0
BRDA:7,5,1,0
BRDA:7,6,0,2
BRDA:7,6,1,0
BRDA:7,7,0,0
BRDA:7,7,1,0
BRDA:9,8,0,6
BRDA:9,8,1,6
BRDA:9,9,0,6
BRDA:9,9,1,0
BRDA:9,10,0,1
BRDA:9,10,1,0
BRDA:9,11,0,1
BRDA:9,11,1,0
BRDA:11,12,0,0
BRDA:11,12,1,5
BRDA:11,13,0,5
BRDA:11,13,1,5
BRDA:13,14,0,0
BRDA:13,14,1,21
BRDA:60,15,0,16
BRDA:60,15,1,5
BRDA:60,16,0,21
BRDA:60,16,1,5
BRDA:69,17,0,3
BRDA:69,17,1,18
BRDA:73,18,0,1
BRDA:73,18,1,20
BRDA:73,19,0,21
BRDA:73,19,1,4
BRDA:125,20,0,1
BRDA:125,20,1,4
BRDA:126,21,0,0
BRDA:126,21,1,1
BRDA:164,22,0,1
BRDA:164,22,1,5
BRDA:164,23,0,6
BRDA:164,23,1,2
BRDA:169,24,0,2
BRDA:169,24,1,0
BRDA:170,25,0,1
BRDA:170,25,1,1
BRDA:183,26,0,4
BRDA:183,26,1,0
BRDA:183,27,0,4
BRDA:183,27,1,0
BRDA:186,28,0,2
BRDA:186,28,1,2
BRDA:187,29,0,1
BRDA:187,29,1,1
BRDA:199,30,0,1
BRDA:199,30,1,1
BRDA:199,31,0,2
BRDA:199,31,1,1
BRDA:229,32,0,2
BRDA:229,32,1,1
BRDA:229,33,0,3
BRDA:229,33,1,1
BRDA:232,34,0,1
BRDA:232,34,1,2
BRF:68
BRH:64
end_of_record
TN:
SF:/home/travis/build/stellar/js-stellar-sdk/src/stellar_toml_resolver.js
FN:7,(anonymous_1)
FN:7,defineProperties
FN:7,(anonymous_3)
FN:9,_interopRequireDefault
FN:11,_classCallCheck
FN:35,(anonymous_6)
FN:36,StellarTomlResolver
FN:61,resolve
FN:73,(anonymous_9)
FN:80,(anonymous_10)
FNF:10
FNH:10
FNDA:1,(anonymous_1)
FNDA:1,defineProperties
FNDA:1,(anonymous_3)
FNDA:3,_interopRequireDefault
FNDA:0,_classCallCheck
FNDA:1,(anonymous_6)
FNDA:0,StellarTomlResolver
FNDA:9,resolve
FNDA:7,(anonymous_9)
FNDA:3,(anonymous_10)
DA:0,9
DA:7,1
DA:32,9
DA:33,9
DA:34,2
DA:37,9
DA:38,9
DA:39,3
DA:41,9
DA:43,7
DA:44,7
DA:45,6
DA:47,1
DA:51,3
DA:52,1
DA:54,1
LF:16
LH:16
BRDA:7,1,0,1
BRDA:7,1,1,1
BRDA:7,2,0,1
BRDA:7,2,1,0
BRDA:7,3,0,0
BRDA:7,3,1,1
BRDA:7,4,0,1
BRDA:7,4,1,0
BRDA:9,5,0,0
BRDA:9,5,1,3
BRDA:9,6,0,3
BRDA:9,6,1,3
BRDA:11,7,0,0
BRDA:11,7,1,0
BRDA:62,8,0,7
BRDA:62,8,1,2
BRDA:62,9,0,9
BRDA:62,9,1,2
BRDA:65,10,0,2
BRDA:65,10,1,7
BRDA:70,11,0,3
BRDA:70,11,1,6
BRDA:81,12,0,1
BRDA:81,12,1,1
BRF:24
BRH:24
end_of_record
